<?xml version="1.0" ?>
<coverage branch-rate="0" branches-covered="0" branches-valid="12" complexity="0" line-rate="0.3333" lines-covered="16" lines-valid="48" timestamp="1613582470401" version="5.3">
	<!-- Generated by coverage.py: https://coverage.readthedocs.io -->
	<!-- Based on https://raw.githubusercontent.com/cobertura/web/master/htdocs/xml/coverage-04.dtd -->
	<sources>
		<source>/Users/Juhki/Desktop/University/HY/Ohjelmistotuotanto 2021/python-kevat-2021/koodi/viikko1/nhl-statistics-1/src</source>
	</sources>
	<packages>
		<package branch-rate="0" complexity="0" line-rate="0.3333" name=".">
			<classes>
				<class branch-rate="1" complexity="0" filename="player.py" line-rate="0.4" name="player.py">
					<methods/>
					<lines>
						<line hits="1" number="1"/>
						<line hits="1" number="2"/>
						<line hits="0" number="3"/>
						<line hits="0" number="4"/>
						<line hits="0" number="5"/>
						<line hits="0" number="6"/>
						<line hits="1" number="8"/>
						<line hits="0" number="10"/>
						<line hits="1" number="12"/>
						<line hits="0" number="13"/>
					</lines>
				</class>
				<class branch-rate="0" complexity="0" filename="player_reader.py" line-rate="0.3333" name="player_reader.py">
					<methods/>
					<lines>
						<line hits="1" number="1"/>
						<line hits="1" number="2"/>
						<line hits="1" number="5"/>
						<line hits="1" number="6"/>
						<line hits="0" number="7"/>
						<line hits="1" number="9"/>
						<line hits="0" number="10"/>
						<line hits="0" number="11"/>
						<line branch="true" condition-coverage="0% (0/2)" hits="0" missing-branches="14,27" number="13"/>
						<line hits="0" number="14"/>
						<line hits="0" number="15"/>
						<line branch="true" condition-coverage="0% (0/2)" hits="0" missing-branches="13,18" number="17"/>
						<line hits="0" number="18"/>
						<line hits="0" number="25"/>
						<line hits="0" number="27"/>
					</lines>
				</class>
				<class branch-rate="0" complexity="0" filename="statistics.py" line-rate="0.3043" name="statistics.py">
					<methods/>
					<lines>
						<line hits="1" number="1"/>
						<line hits="1" number="4"/>
						<line hits="0" number="5"/>
						<line hits="1" number="8"/>
						<line hits="1" number="9"/>
						<line hits="0" number="10"/>
						<line hits="0" number="12"/>
						<line hits="1" number="14"/>
						<line branch="true" condition-coverage="0% (0/2)" hits="0" missing-branches="16,19" number="15"/>
						<line branch="true" condition-coverage="0% (0/2)" hits="0" missing-branches="15,17" number="16"/>
						<line hits="0" number="17"/>
						<line hits="0" number="19"/>
						<line hits="1" number="21"/>
						<line branch="true" condition-coverage="0% (0/2)" hits="0" missing-branches="exit,27" number="22"/>
						<line hits="0" number="27"/>
						<line hits="1" number="29"/>
						<line hits="0" number="30"/>
						<line hits="0" number="36"/>
						<line hits="0" number="37"/>
						<line branch="true" condition-coverage="0% (0/2)" hits="0" missing-branches="39,42" number="38"/>
						<line hits="0" number="39"/>
						<line hits="0" number="40"/>
						<line hits="0" number="42"/>
					</lines>
				</class>
			</classes>
		</package>
	</packages>
</coverage>
