<?xml version="1.0" ?>
<coverage branch-rate="0.2957" branches-covered="1904" branches-valid="6438" complexity="0" line-rate="0.5" lines-covered="8688" lines-valid="17377" timestamp="1613585559430" version="5.3">
	<!-- Generated by coverage.py: https://coverage.readthedocs.io -->
	<!-- Based on https://raw.githubusercontent.com/cobertura/web/master/htdocs/xml/coverage-04.dtd -->
	<sources>
		<source></source>
		<source>/Users/Juhki/Desktop/University/HY/Ohjelmistotuotanto 2021/python-kevat-2021/koodi/viikko1/nhl-statistics-1/src</source>
	</sources>
	<packages>
		<package branch-rate="0.1667" complexity="0" line-rate="0.6458" name=".">
			<classes>
				<class branch-rate="1" complexity="0" filename="player.py" line-rate="0.9" name="player.py">
					<methods/>
					<lines>
						<line hits="1" number="1"/>
						<line hits="1" number="2"/>
						<line hits="1" number="3"/>
						<line hits="1" number="4"/>
						<line hits="1" number="5"/>
						<line hits="1" number="6"/>
						<line hits="1" number="8"/>
						<line hits="1" number="10"/>
						<line hits="1" number="12"/>
						<line hits="0" number="13"/>
					</lines>
				</class>
				<class branch-rate="0" complexity="0" filename="player_reader.py" line-rate="0.3333" name="player_reader.py">
					<methods/>
					<lines>
						<line hits="1" number="1"/>
						<line hits="1" number="2"/>
						<line hits="1" number="5"/>
						<line hits="1" number="6"/>
						<line hits="0" number="7"/>
						<line hits="1" number="9"/>
						<line hits="0" number="10"/>
						<line hits="0" number="11"/>
						<line branch="true" condition-coverage="0% (0/2)" hits="0" missing-branches="14,27" number="13"/>
						<line hits="0" number="14"/>
						<line hits="0" number="15"/>
						<line branch="true" condition-coverage="0% (0/2)" hits="0" missing-branches="13,18" number="17"/>
						<line hits="0" number="18"/>
						<line hits="0" number="25"/>
						<line hits="0" number="27"/>
					</lines>
				</class>
				<class branch-rate="0.25" complexity="0" filename="statistics.py" line-rate="0.7391" name="statistics.py">
					<methods/>
					<lines>
						<line hits="1" number="1"/>
						<line hits="1" number="4"/>
						<line hits="1" number="5"/>
						<line hits="1" number="8"/>
						<line hits="1" number="9"/>
						<line hits="1" number="10"/>
						<line hits="1" number="12"/>
						<line hits="1" number="14"/>
						<line branch="true" condition-coverage="0% (0/2)" hits="0" missing-branches="16,19" number="15"/>
						<line branch="true" condition-coverage="0% (0/2)" hits="0" missing-branches="15,17" number="16"/>
						<line hits="0" number="17"/>
						<line hits="0" number="19"/>
						<line hits="1" number="21"/>
						<line branch="true" condition-coverage="0% (0/2)" hits="0" missing-branches="exit,27" number="22"/>
						<line hits="0" number="27"/>
						<line hits="1" number="29"/>
						<line hits="1" number="30"/>
						<line hits="1" number="36"/>
						<line hits="1" number="37"/>
						<line branch="true" condition-coverage="100% (2/2)" hits="1" number="38"/>
						<line hits="1" number="39"/>
						<line hits="1" number="40"/>
						<line hits="1" number="42"/>
					</lines>
				</class>
			</classes>
		</package>
		<package branch-rate="0.08" complexity="0" line-rate="0.2563" name=".Users.Juhki.Library.Caches.pypoetry.virtualenvs.nhl-statistics-1-Z7aXd9I_-py3.7.lib.python3.7.site-packages">
			<classes>
				<class branch-rate="0.04167" complexity="0" filename="/Users/Juhki/Library/Caches/pypoetry/virtualenvs/nhl-statistics-1-Z7aXd9I_-py3.7/lib/python3.7/site-packages/_virtualenv.py" line-rate="0.0122" name="_virtualenv.py">
					<methods/>
					<lines>
						<line hits="0" number="4"/>
						<line hits="0" number="5"/>
						<line hits="0" number="7"/>
						<line hits="0" number="10"/>
						<line hits="0" number="18"/>
						<line hits="0" number="20"/>
						<line hits="0" number="21"/>
						<line hits="0" number="22"/>
						<line branch="true" condition-coverage="0% (0/2)" hits="0" missing-branches="25,26" number="24"/>
						<line hits="0" number="25"/>
						<line branch="true" condition-coverage="0% (0/2)" hits="0" missing-branches="27,30" number="26"/>
						<line hits="0" number="27"/>
						<line branch="true" condition-coverage="0% (0/2)" hits="0" missing-branches="26,29" number="28"/>
						<line hits="0" number="29"/>
						<line hits="0" number="30"/>
						<line hits="0" number="32"/>
						<line hits="0" number="37"/>
						<line branch="true" condition-coverage="0% (0/2)" hits="0" missing-branches="40,103" number="38"/>
						<line hits="0" number="40"/>
						<line hits="0" number="41"/>
						<line hits="0" number="42"/>
						<line hits="0" number="44"/>
						<line hits="0" number="47"/>
						<line hits="0" number="52"/>
						<line hits="0" number="54"/>
						<line branch="true" condition-coverage="50% (1/2)" hits="1" missing-branches="57" number="55"/>
						<line branch="true" condition-coverage="0% (0/2)" hits="0" missing-branches="58,68" number="57"/>
						<line hits="0" number="58"/>
						<line hits="0" number="60"/>
						<line hits="0" number="66"/>
						<line hits="0" number="68"/>
						<line hits="0" number="69"/>
						<line hits="0" number="70"/>
						<line hits="0" number="71"/>
						<line branch="true" condition-coverage="0% (0/2)" hits="0" missing-branches="74,85" number="72"/>
						<line hits="0" number="74"/>
						<line hits="0" number="75"/>
						<line hits="0" number="76"/>
						<line hits="0" number="77"/>
						<line branch="true" condition-coverage="0% (0/2)" hits="0" missing-branches="79,83" number="78"/>
						<line hits="0" number="79"/>
						<line hits="0" number="80"/>
						<line hits="0" number="81"/>
						<line hits="0" number="82"/>
						<line hits="0" number="83"/>
						<line hits="0" number="85"/>
						<line hits="0" number="87"/>
						<line hits="0" number="89"/>
						<line branch="true" condition-coverage="0% (0/2)" hits="0" missing-branches="exit,91" number="90"/>
						<line hits="0" number="91"/>
						<line hits="0" number="93"/>
						<line hits="0" number="95"/>
						<line branch="true" condition-coverage="0% (0/2)" hits="0" missing-branches="97,98" number="96"/>
						<line hits="0" number="97"/>
						<line hits="0" number="98"/>
						<line hits="0" number="100"/>
						<line hits="0" number="103"/>
						<line hits="0" number="104"/>
						<line hits="0" number="106"/>
						<line hits="0" number="107"/>
						<line hits="0" number="108"/>
						<line hits="0" number="109"/>
						<line hits="0" number="111"/>
						<line branch="true" condition-coverage="0% (0/2)" hits="0" missing-branches="113,117" number="112"/>
						<line hits="0" number="113"/>
						<line hits="0" number="114"/>
						<line hits="0" number="115"/>
						<line hits="0" number="116"/>
						<line hits="0" number="117"/>
						<line hits="0" number="119"/>
						<line hits="0" number="120"/>
						<line hits="0" number="121"/>
						<line hits="0" number="122"/>
						<line hits="0" number="124"/>
						<line hits="0" number="125"/>
						<line hits="0" number="126"/>
						<line hits="0" number="127"/>
						<line hits="0" number="128"/>
						<line hits="0" number="130"/>
						<line hits="0" number="133"/>
						<line branch="true" condition-coverage="0% (0/2)" hits="0" missing-branches="exit,135" number="134"/>
						<line hits="0" number="135"/>
					</lines>
				</class>
				<class branch-rate="0.1154" complexity="0" filename="/Users/Juhki/Library/Caches/pypoetry/virtualenvs/nhl-statistics-1-Z7aXd9I_-py3.7/lib/python3.7/site-packages/zipp.py" line-rate="0.4274" name="zipp.py">
					<methods/>
					<lines>
						<line hits="1" number="1"/>
						<line hits="1" number="2"/>
						<line hits="1" number="3"/>
						<line hits="1" number="4"/>
						<line hits="1" number="5"/>
						<line hits="1" number="6"/>
						<line hits="1" number="7"/>
						<line branch="true" condition-coverage="50% (1/2)" hits="1" missing-branches="10" number="9"/>
						<line hits="0" number="10"/>
						<line hits="1" number="12"/>
						<line hits="1" number="15"/>
						<line hits="0" number="31"/>
						<line hits="1" number="34"/>
						<line hits="0" number="50"/>
						<line branch="true" condition-coverage="0% (0/2)" hits="0" missing-branches="exit,52" number="51"/>
						<line hits="0" number="52"/>
						<line hits="0" number="53"/>
						<line hits="1" number="56"/>
						<line hits="1" number="60"/>
						<line hits="0" number="65"/>
						<line hits="1" number="68"/>
						<line hits="1" number="74"/>
						<line hits="0" number="76"/>
						<line branch="true" condition-coverage="0% (0/2)" hits="0" missing-branches="exit,78" number="77"/>
						<line hits="0" number="78"/>
						<line hits="1" number="80"/>
						<line hits="0" number="81"/>
						<line hits="0" number="82"/>
						<line hits="1" number="84"/>
						<line hits="0" number="85"/>
						<line hits="1" number="87"/>
						<line hits="0" number="92"/>
						<line hits="0" number="93"/>
						<line hits="0" number="94"/>
						<line hits="0" number="95"/>
						<line hits="1" number="97"/>
						<line branch="true" condition-coverage="50% (1/2)" hits="1" missing-branches="104" number="103"/>
						<line hits="0" number="104"/>
						<line branch="true" condition-coverage="50% (1/2)" hits="1" missing-branches="110" number="106"/>
						<line hits="1" number="107"/>
						<line branch="true" condition-coverage="0% (0/2)" hits="0" missing-branches="111,113" number="110"/>
						<line hits="0" number="111"/>
						<line hits="0" number="113"/>
						<line hits="0" number="114"/>
						<line hits="1" number="117"/>
						<line hits="1" number="123"/>
						<line hits="0" number="124"/>
						<line hits="0" number="125"/>
						<line hits="0" number="126"/>
						<line hits="0" number="127"/>
						<line hits="1" number="129"/>
						<line hits="0" number="130"/>
						<line hits="0" number="131"/>
						<line hits="0" number="132"/>
						<line hits="0" number="133"/>
						<line hits="1" number="136"/>
						<line hits="1" number="141"/>
						<line hits="1" number="142"/>
						<line hits="1" number="143"/>
						<line hits="1" number="144"/>
						<line hits="1" number="147"/>
						<line hits="1" number="225"/>
						<line hits="1" number="227"/>
						<line hits="1" number="237"/>
						<line hits="0" number="238"/>
						<line hits="1" number="240"/>
						<line branch="true" condition-coverage="0% (0/2)" hits="0" missing-branches="247,248" number="246"/>
						<line hits="0" number="247"/>
						<line hits="0" number="248"/>
						<line branch="true" condition-coverage="0% (0/2)" hits="0" missing-branches="250,251" number="249"/>
						<line hits="0" number="250"/>
						<line hits="0" number="251"/>
						<line branch="true" condition-coverage="0% (0/2)" hits="0" missing-branches="253,256" number="252"/>
						<line branch="true" condition-coverage="0% (0/2)" hits="0" missing-branches="254,255" number="253"/>
						<line hits="0" number="254"/>
						<line hits="0" number="255"/>
						<line hits="0" number="256"/>
						<line hits="1" number="258"/>
						<line hits="0" number="260"/>
						<line hits="1" number="262"/>
						<line hits="0" number="264"/>
						<line hits="1" number="266"/>
						<line hits="0" number="267"/>
						<line hits="0" number="268"/>
						<line hits="1" number="270"/>
						<line hits="0" number="271"/>
						<line hits="0" number="272"/>
						<line hits="1" number="274"/>
						<line hits="0" number="275"/>
						<line hits="1" number="277"/>
						<line hits="0" number="278"/>
						<line hits="1" number="280"/>
						<line hits="0" number="281"/>
						<line hits="1" number="283"/>
						<line hits="0" number="284"/>
						<line hits="1" number="286"/>
						<line hits="0" number="287"/>
						<line hits="1" number="289"/>
						<line branch="true" condition-coverage="0% (0/2)" hits="0" missing-branches="291,292" number="290"/>
						<line hits="0" number="291"/>
						<line hits="0" number="292"/>
						<line hits="0" number="293"/>
						<line hits="1" number="295"/>
						<line hits="0" number="296"/>
						<line hits="1" number="298"/>
						<line hits="0" number="299"/>
						<line hits="1" number="301"/>
						<line hits="0" number="302"/>
						<line hits="0" number="303"/>
						<line hits="1" number="305"/>
						<line hits="1" number="307"/>
						<line branch="true" condition-coverage="0% (0/2)" hits="0" missing-branches="310,311" number="309"/>
						<line hits="0" number="310"/>
						<line hits="0" number="311"/>
						<line branch="true" condition-coverage="0% (0/2)" hits="0" missing-branches="313,314" number="312"/>
						<line hits="0" number="313"/>
						<line hits="0" number="314"/>
					</lines>
				</class>
			</classes>
		</package>
		<package branch-rate="0.2871" complexity="0" line-rate="0.5271" name=".Users.Juhki.Library.Caches.pypoetry.virtualenvs.nhl-statistics-1-Z7aXd9I_-py3.7.lib.python3.7.site-packages._pytest">
			<classes>
				<class branch-rate="1" complexity="0" filename="/Users/Juhki/Library/Caches/pypoetry/virtualenvs/nhl-statistics-1-Z7aXd9I_-py3.7/lib/python3.7/site-packages/_pytest/__init__.py" line-rate="0.6" name="__init__.py">
					<methods/>
					<lines>
						<line hits="1" number="1"/>
						<line hits="1" number="3"/>
						<line hits="1" number="4"/>
						<line hits="0" number="5"/>
						<line hits="0" number="8"/>
					</lines>
				</class>
				<class branch-rate="0.08333" complexity="0" filename="/Users/Juhki/Library/Caches/pypoetry/virtualenvs/nhl-statistics-1-Z7aXd9I_-py3.7/lib/python3.7/site-packages/_pytest/_argcomplete.py" line-rate="0.3784" name="_argcomplete.py">
					<methods/>
					<lines>
						<line hits="1" number="64"/>
						<line hits="1" number="65"/>
						<line hits="1" number="66"/>
						<line hits="1" number="67"/>
						<line hits="1" number="68"/>
						<line hits="1" number="69"/>
						<line hits="1" number="70"/>
						<line hits="1" number="73"/>
						<line hits="1" number="76"/>
						<line hits="0" number="77"/>
						<line hits="1" number="79"/>
						<line branch="true" condition-coverage="0% (0/2)" hits="0" missing-branches="82,84" number="81"/>
						<line hits="0" number="82"/>
						<line hits="0" number="84"/>
						<line hits="0" number="85"/>
						<line hits="0" number="86"/>
						<line branch="true" condition-coverage="0% (0/2)" hits="0" missing-branches="89,92" number="87"/>
						<line branch="true" condition-coverage="0% (0/2)" hits="0" missing-branches="90,91" number="89"/>
						<line hits="0" number="90"/>
						<line hits="0" number="91"/>
						<line hits="0" number="92"/>
						<line branch="true" condition-coverage="0% (0/2)" hits="0" missing-branches="94,98" number="93"/>
						<line branch="true" condition-coverage="0% (0/2)" hits="0" missing-branches="95,97" number="94"/>
						<line hits="0" number="95"/>
						<line hits="0" number="97"/>
						<line hits="0" number="98"/>
						<line branch="true" condition-coverage="50% (1/2)" hits="1" missing-branches="102" number="101"/>
						<line hits="0" number="102"/>
						<line hits="0" number="103"/>
						<line hits="0" number="104"/>
						<line hits="0" number="105"/>
						<line hits="0" number="106"/>
						<line hits="0" number="108"/>
						<line hits="0" number="109"/>
						<line hits="1" number="114"/>
						<line hits="1" number="115"/>
						<line hits="1" number="117"/>
					</lines>
				</class>
				<class branch-rate="1" complexity="0" filename="/Users/Juhki/Library/Caches/pypoetry/virtualenvs/nhl-statistics-1-Z7aXd9I_-py3.7/lib/python3.7/site-packages/_pytest/_version.py" line-rate="1" name="_version.py">
					<methods/>
					<lines>
						<line hits="1" number="4"/>
					</lines>
				</class>
				<class branch-rate="0.2273" complexity="0" filename="/Users/Juhki/Library/Caches/pypoetry/virtualenvs/nhl-statistics-1-Z7aXd9I_-py3.7/lib/python3.7/site-packages/_pytest/cacheprovider.py" line-rate="0.5" name="cacheprovider.py">
					<methods/>
					<lines>
						<line hits="1" number="4"/>
						<line hits="1" number="5"/>
						<line hits="1" number="6"/>
						<line hits="1" number="7"/>
						<line hits="1" number="8"/>
						<line hits="1" number="9"/>
						<line hits="1" number="10"/>
						<line hits="1" number="11"/>
						<line hits="1" number="12"/>
						<line hits="1" number="14"/>
						<line hits="1" number="15"/>
						<line hits="1" number="17"/>
						<line hits="1" number="18"/>
						<line hits="1" number="19"/>
						<line hits="1" number="20"/>
						<line hits="1" number="21"/>
						<line hits="1" number="22"/>
						<line hits="1" number="23"/>
						<line hits="1" number="24"/>
						<line hits="1" number="25"/>
						<line hits="1" number="26"/>
						<line hits="1" number="27"/>
						<line hits="1" number="28"/>
						<line hits="1" number="29"/>
						<line hits="1" number="30"/>
						<line hits="1" number="31"/>
						<line hits="1" number="32"/>
						<line hits="1" number="33"/>
						<line hits="1" number="36"/>
						<line hits="1" number="47"/>
						<line branch="true" condition-coverage="100% (2/2)" hits="1" number="55"/>
						<line hits="1" number="56"/>
						<line hits="1" number="58"/>
						<line hits="1" number="59"/>
						<line hits="1" number="62"/>
						<line hits="1" number="65"/>
						<line hits="1" number="67"/>
						<line hits="1" number="68"/>
						<line hits="1" number="69"/>
						<line branch="true" condition-coverage="50% (1/2)" hits="1" missing-branches="71" number="70"/>
						<line hits="0" number="71"/>
						<line hits="1" number="72"/>
						<line hits="1" number="74"/>
						<line hits="1" number="75"/>
						<line branch="true" condition-coverage="0% (0/2)" hits="0" missing-branches="exit,78" number="77"/>
						<line hits="0" number="78"/>
						<line branch="true" condition-coverage="0% (0/2)" hits="0" missing-branches="77,80" number="79"/>
						<line hits="0" number="80"/>
						<line hits="1" number="82"/>
						<line hits="1" number="83"/>
						<line hits="1" number="84"/>
						<line hits="1" number="86"/>
						<line hits="0" number="87"/>
						<line hits="0" number="88"/>
						<line hits="0" number="90"/>
						<line hits="1" number="96"/>
						<line hits="0" number="108"/>
						<line branch="true" condition-coverage="0% (0/2)" hits="0" missing-branches="110,111" number="109"/>
						<line hits="0" number="110"/>
						<line hits="0" number="111"/>
						<line hits="0" number="112"/>
						<line hits="0" number="113"/>
						<line hits="1" number="115"/>
						<line hits="1" number="116"/>
						<line hits="1" number="118"/>
						<line hits="1" number="130"/>
						<line hits="1" number="131"/>
						<line hits="1" number="132"/>
						<line hits="1" number="133"/>
						<line hits="0" number="134"/>
						<line hits="0" number="135"/>
						<line hits="1" number="137"/>
						<line hits="1" number="147"/>
						<line hits="1" number="148"/>
						<line branch="true" condition-coverage="50% (1/2)" hits="1" missing-branches="152" number="149"/>
						<line hits="1" number="150"/>
						<line hits="0" number="152"/>
						<line hits="0" number="153"/>
						<line hits="0" number="154"/>
						<line hits="0" number="155"/>
						<line hits="0" number="156"/>
						<line branch="true" condition-coverage="50% (1/2)" hits="1" missing-branches="158" number="157"/>
						<line hits="0" number="158"/>
						<line hits="1" number="159"/>
						<line hits="1" number="160"/>
						<line hits="1" number="161"/>
						<line hits="0" number="162"/>
						<line hits="0" number="163"/>
						<line hits="1" number="165"/>
						<line hits="1" number="166"/>
						<line hits="1" number="168"/>
						<line hits="0" number="170"/>
						<line hits="0" number="171"/>
						<line hits="0" number="173"/>
						<line hits="0" number="174"/>
						<line hits="0" number="175"/>
						<line hits="0" number="177"/>
						<line hits="0" number="178"/>
						<line hits="1" number="181"/>
						<line hits="1" number="182"/>
						<line hits="0" number="183"/>
						<line hits="0" number="184"/>
						<line hits="1" number="186"/>
						<line hits="1" number="187"/>
						<line branch="true" condition-coverage="0% (0/2)" hits="0" missing-branches="189,199" number="188"/>
						<line hits="0" number="189"/>
						<line hits="0" number="190"/>
						<line hits="0" number="193"/>
						<line branch="true" condition-coverage="0% (0/2)" hits="0" missing-branches="exit,197" number="194"/>
						<line hits="0" number="197"/>
						<line branch="true" condition-coverage="0% (0/2)" hits="0" missing-branches="200,226" number="199"/>
						<line branch="true" condition-coverage="0% (0/2)" hits="0" missing-branches="201,226" number="200"/>
						<line hits="0" number="201"/>
						<line hits="0" number="202"/>
						<line hits="0" number="203"/>
						<line hits="0" number="204"/>
						<line branch="true" condition-coverage="0% (0/2)" hits="0" missing-branches="208,215" number="207"/>
						<line branch="true" condition-coverage="0% (0/3)" hits="0" missing-branches="exit,209,210" number="208"/>
						<line hits="0" number="209"/>
						<line hits="0" number="210"/>
						<line hits="0" number="213"/>
						<line hits="0" number="215"/>
						<line branch="true" condition-coverage="0% (0/2)" hits="0" missing-branches="exit,225" number="216"/>
						<line hits="0" number="225"/>
						<line hits="0" number="226"/>
						<line hits="1" number="229"/>
						<line hits="1" number="230"/>
						<line hits="0" number="231"/>
						<line hits="1" number="233"/>
						<line hits="1" number="234"/>
						<line branch="true" condition-coverage="0% (0/2)" hits="0" missing-branches="241,247" number="240"/>
						<line branch="true" condition-coverage="0% (0/2)" hits="0" missing-branches="242,247" number="241"/>
						<line hits="0" number="242"/>
						<line hits="0" number="244"/>
						<line hits="0" number="247"/>
						<line hits="1" number="250"/>
						<line hits="1" number="253"/>
						<line hits="1" number="254"/>
						<line hits="1" number="255"/>
						<line branch="true" condition-coverage="100% (2/2)" hits="1" number="256"/>
						<line hits="1" number="257"/>
						<line hits="1" number="258"/>
						<line hits="1" number="261"/>
						<line hits="1" number="262"/>
						<line hits="1" number="263"/>
						<line branch="true" condition-coverage="50% (1/2)" hits="1" missing-branches="266" number="265"/>
						<line hits="0" number="266"/>
						<line hits="0" number="267"/>
						<line hits="1" number="271"/>
						<line hits="0" number="273"/>
						<line branch="true" condition-coverage="0% (0/2)" hits="0" missing-branches="exit,275" number="274"/>
						<line branch="true" condition-coverage="0% (0/2)" hits="0" missing-branches="exit,exit" number="275"/>
						<line hits="1" number="277"/>
						<line branch="true" condition-coverage="50% (1/2)" hits="1" missing-branches="279" number="278"/>
						<line hits="0" number="279"/>
						<line hits="1" number="280"/>
						<line hits="1" number="282"/>
						<line branch="true" condition-coverage="50% (1/2)" hits="1" missing-branches="284" number="283"/>
						<line hits="0" number="284"/>
						<line branch="true" condition-coverage="100% (2/2)" hits="1" number="285"/>
						<line hits="1" number="286"/>
						<line hits="1" number="288"/>
						<line hits="1" number="289"/>
						<line branch="true" condition-coverage="50% (1/2)" hits="1" missing-branches="295" number="290"/>
						<line branch="true" condition-coverage="50% (1/2)" hits="1" missing-branches="292" number="291"/>
						<line hits="0" number="292"/>
						<line branch="true" condition-coverage="0% (0/2)" hits="0" missing-branches="exit,exit" number="293"/>
						<line hits="0" number="295"/>
						<line hits="1" number="297"/>
						<line hits="1" number="298"/>
						<line hits="1" number="301"/>
						<line branch="true" condition-coverage="50% (1/2)" hits="1" missing-branches="306" number="303"/>
						<line hits="1" number="304"/>
						<line branch="true" condition-coverage="0% (0/2)" hits="0" missing-branches="307,341" number="306"/>
						<line hits="0" number="307"/>
						<line hits="0" number="308"/>
						<line branch="true" condition-coverage="0% (0/2)" hits="0" missing-branches="310,314" number="309"/>
						<line branch="true" condition-coverage="0% (0/2)" hits="0" missing-branches="311,313" number="310"/>
						<line hits="0" number="311"/>
						<line hits="0" number="313"/>
						<line hits="0" number="314"/>
						<line branch="true" condition-coverage="0% (0/2)" hits="0" missing-branches="319,323" number="316"/>
						<line hits="0" number="319"/>
						<line branch="true" condition-coverage="0% (0/2)" hits="0" missing-branches="324,327" number="323"/>
						<line hits="0" number="324"/>
						<line hits="0" number="325"/>
						<line hits="0" number="327"/>
						<line hits="0" number="329"/>
						<line hits="0" number="330"/>
						<line hits="0" number="331"/>
						<line branch="true" condition-coverage="0% (0/2)" hits="0" missing-branches="exit,336" number="335"/>
						<line hits="0" number="336"/>
						<line hits="0" number="337"/>
						<line hits="0" number="341"/>
						<line branch="true" condition-coverage="0% (0/2)" hits="0" missing-branches="343,347" number="342"/>
						<line hits="0" number="343"/>
						<line hits="0" number="344"/>
						<line hits="0" number="345"/>
						<line hits="0" number="347"/>
						<line hits="1" number="349"/>
						<line hits="1" number="350"/>
						<line branch="true" condition-coverage="50% (1/2)" hits="1" missing-branches="352" number="351"/>
						<line hits="0" number="352"/>
						<line hits="1" number="354"/>
						<line hits="1" number="355"/>
						<line branch="true" condition-coverage="50% (1/2)" hits="1" missing-branches="357" number="356"/>
						<line hits="0" number="357"/>
						<line hits="1" number="360"/>
						<line hits="1" number="363"/>
						<line hits="1" number="364"/>
						<line hits="1" number="365"/>
						<line hits="1" number="366"/>
						<line hits="1" number="367"/>
						<line hits="1" number="369"/>
						<line hits="1" number="370"/>
						<line hits="1" number="373"/>
						<line branch="true" condition-coverage="50% (1/2)" hits="1" missing-branches="376" number="375"/>
						<line hits="0" number="376"/>
						<line hits="0" number="377"/>
						<line branch="true" condition-coverage="0% (0/2)" hits="0" missing-branches="379,384" number="378"/>
						<line branch="true" condition-coverage="0% (0/2)" hits="0" missing-branches="380,382" number="379"/>
						<line hits="0" number="380"/>
						<line hits="0" number="382"/>
						<line hits="0" number="384"/>
						<line hits="0" number="387"/>
						<line branch="true" condition-coverage="100% (2/2)" hits="1" number="389"/>
						<line hits="1" number="391"/>
						<line branch="true" condition-coverage="0% (0/2)" hits="0" missing-branches="exit,exit" number="392"/>
						<line hits="1" number="394"/>
						<line hits="1" number="395"/>
						<line branch="true" condition-coverage="50% (1/2)" hits="1" missing-branches="397" number="396"/>
						<line hits="0" number="397"/>
						<line branch="true" condition-coverage="50% (1/2)" hits="1" missing-branches="400" number="399"/>
						<line hits="0" number="400"/>
						<line hits="1" number="402"/>
						<line hits="1" number="403"/>
						<line hits="1" number="406"/>
						<line hits="1" number="407"/>
						<line hits="1" number="408"/>
						<line hits="1" number="416"/>
						<line hits="1" number="425"/>
						<line hits="1" number="433"/>
						<line hits="1" number="443"/>
						<line hits="1" number="449"/>
						<line branch="true" condition-coverage="50% (1/2)" hits="1" missing-branches="451" number="450"/>
						<line hits="0" number="451"/>
						<line hits="1" number="452"/>
						<line hits="1" number="453"/>
						<line hits="1" number="464"/>
						<line branch="true" condition-coverage="50% (1/2)" hits="1" missing-branches="466" number="465"/>
						<line hits="0" number="466"/>
						<line hits="0" number="468"/>
						<line hits="1" number="469"/>
						<line hits="1" number="472"/>
						<line hits="1" number="473"/>
						<line hits="1" number="474"/>
						<line hits="1" number="475"/>
						<line hits="1" number="476"/>
						<line hits="1" number="479"/>
						<line hits="1" number="480"/>
						<line hits="0" number="491"/>
						<line hits="0" number="492"/>
						<line hits="1" number="495"/>
						<line branch="true" condition-coverage="50% (1/2)" hits="1" missing-branches="498" number="497"/>
						<line hits="0" number="498"/>
						<line hits="0" number="499"/>
						<line hits="0" number="503"/>
						<line hits="0" number="504"/>
						<line hits="0" number="505"/>
						<line hits="0" number="506"/>
						<line hits="0" number="507"/>
						<line hits="1" number="508"/>
						<line hits="1" number="511"/>
						<line hits="0" number="512"/>
						<line hits="0" number="514"/>
						<line hits="0" number="516"/>
						<line hits="0" number="517"/>
						<line branch="true" condition-coverage="0% (0/2)" hits="0" missing-branches="519,522" number="518"/>
						<line hits="0" number="519"/>
						<line hits="0" number="520"/>
						<line hits="0" number="522"/>
						<line branch="true" condition-coverage="0% (0/2)" hits="0" missing-branches="524,526" number="523"/>
						<line hits="0" number="524"/>
						<line hits="0" number="526"/>
						<line hits="0" number="527"/>
						<line hits="0" number="528"/>
						<line hits="0" number="529"/>
						<line branch="true" condition-coverage="0% (0/3)" hits="0" missing-branches="exit,531,540" number="530"/>
						<line hits="0" number="531"/>
						<line hits="0" number="532"/>
						<line branch="true" condition-coverage="0% (0/2)" hits="0" missing-branches="534,536" number="533"/>
						<line hits="0" number="534"/>
						<line hits="0" number="536"/>
						<line branch="true" condition-coverage="0% (0/2)" hits="0" missing-branches="530,538" number="537"/>
						<line hits="0" number="538"/>
						<line hits="0" number="540"/>
						<line branch="true" condition-coverage="0% (0/2)" hits="0" missing-branches="542,550" number="541"/>
						<line hits="0" number="542"/>
						<line hits="0" number="543"/>
						<line branch="true" condition-coverage="0% (0/2)" hits="0" missing-branches="547,550" number="544"/>
						<line branch="true" condition-coverage="0% (0/2)" hits="0" missing-branches="544,548" number="547"/>
						<line hits="0" number="548"/>
						<line hits="0" number="549"/>
						<line hits="0" number="550"/>
					</lines>
				</class>
				<class branch-rate="0.3551" complexity="0" filename="/Users/Juhki/Library/Caches/pypoetry/virtualenvs/nhl-statistics-1-Z7aXd9I_-py3.7/lib/python3.7/site-packages/_pytest/capture.py" line-rate="0.6169" name="capture.py">
					<methods/>
					<lines>
						<line hits="1" number="2"/>
						<line hits="1" number="3"/>
						<line hits="1" number="4"/>
						<line hits="1" number="5"/>
						<line hits="1" number="6"/>
						<line hits="1" number="7"/>
						<line hits="1" number="8"/>
						<line hits="1" number="9"/>
						<line hits="1" number="10"/>
						<line hits="1" number="11"/>
						<line hits="1" number="12"/>
						<line hits="1" number="13"/>
						<line hits="1" number="14"/>
						<line hits="1" number="15"/>
						<line hits="1" number="16"/>
						<line hits="1" number="17"/>
						<line hits="1" number="19"/>
						<line hits="1" number="20"/>
						<line hits="1" number="21"/>
						<line hits="1" number="22"/>
						<line hits="1" number="23"/>
						<line hits="1" number="24"/>
						<line hits="1" number="25"/>
						<line hits="1" number="26"/>
						<line branch="true" condition-coverage="50% (1/2)" hits="1" missing-branches="29" number="28"/>
						<line hits="0" number="29"/>
						<line hits="0" number="31"/>
						<line hits="1" number="34"/>
						<line hits="1" number="35"/>
						<line hits="1" number="36"/>
						<line hits="1" number="44"/>
						<line hits="1" number="53"/>
						<line branch="true" condition-coverage="50% (1/2)" hits="1" missing-branches="62" number="61"/>
						<line hits="0" number="62"/>
						<line hits="0" number="63"/>
						<line hits="0" number="64"/>
						<line hits="0" number="65"/>
						<line hits="1" number="68"/>
						<line branch="true" condition-coverage="50% (1/2)" hits="1" missing-branches="86" number="85"/>
						<line hits="0" number="86"/>
						<line hits="0" number="87"/>
						<line hits="0" number="88"/>
						<line hits="0" number="89"/>
						<line hits="1" number="92"/>
						<line branch="true" condition-coverage="50% (1/2)" hits="1" missing-branches="124" number="116"/>
						<line hits="1" number="121"/>
						<line branch="true" condition-coverage="0% (0/2)" hits="0" missing-branches="125,127" number="124"/>
						<line hits="0" number="125"/>
						<line hits="0" number="127"/>
						<line hits="0" number="128"/>
						<line branch="true" condition-coverage="0% (0/2)" hits="0" missing-branches="131,133" number="130"/>
						<line hits="0" number="131"/>
						<line hits="0" number="133"/>
						<line branch="true" condition-coverage="0% (0/2)" hits="0" missing-branches="135,137" number="134"/>
						<line hits="0" number="135"/>
						<line hits="0" number="137"/>
						<line hits="0" number="139"/>
						<line hits="0" number="147"/>
						<line hits="0" number="148"/>
						<line hits="0" number="149"/>
						<line hits="1" number="152"/>
						<line hits="1" number="153"/>
						<line hits="1" number="154"/>
						<line branch="true" condition-coverage="50% (1/2)" hits="1" missing-branches="157" number="155"/>
						<line hits="1" number="156"/>
						<line hits="1" number="157"/>
						<line hits="1" number="158"/>
						<line hits="1" number="159"/>
						<line hits="1" number="160"/>
						<line hits="1" number="161"/>
						<line hits="1" number="164"/>
						<line hits="1" number="167"/>
						<line hits="1" number="168"/>
						<line hits="1" number="169"/>
						<line branch="true" condition-coverage="50% (1/2)" hits="1" missing-branches="171" number="170"/>
						<line hits="0" number="171"/>
						<line hits="0" number="172"/>
						<line hits="0" number="173"/>
						<line hits="1" number="179"/>
						<line hits="1" number="180"/>
						<line hits="1" number="182"/>
						<line hits="1" number="183"/>
						<line hits="0" number="186"/>
						<line hits="1" number="188"/>
						<line hits="1" number="189"/>
						<line hits="0" number="192"/>
						<line hits="1" number="195"/>
						<line hits="1" number="196"/>
						<line hits="0" number="197"/>
						<line hits="1" number="199"/>
						<line hits="0" number="200"/>
						<line hits="0" number="201"/>
						<line hits="1" number="204"/>
						<line hits="1" number="205"/>
						<line hits="0" number="206"/>
						<line hits="0" number="207"/>
						<line hits="1" number="209"/>
						<line hits="0" number="210"/>
						<line hits="0" number="211"/>
						<line hits="1" number="214"/>
						<line hits="1" number="215"/>
						<line hits="1" number="217"/>
						<line hits="0" number="218"/>
						<line hits="1" number="222"/>
						<line hits="1" number="223"/>
						<line hits="1" number="224"/>
						<line hits="1" number="226"/>
						<line hits="0" number="227"/>
						<line hits="1" number="229"/>
						<line hits="0" number="230"/>
						<line hits="1" number="232"/>
						<line hits="0" number="233"/>
						<line hits="1" number="235"/>
						<line hits="1" number="236"/>
						<line hits="1" number="238"/>
						<line hits="0" number="240"/>
						<line hits="1" number="246"/>
						<line hits="1" number="249"/>
						<line hits="1" number="250"/>
						<line branch="true" condition-coverage="50% (1/2)" hits="1" missing-branches="exit" number="251"/>
						<line hits="1" number="254"/>
						<line hits="1" number="256"/>
						<line hits="1" number="258"/>
						<line hits="1" number="259"/>
						<line hits="1" number="260"/>
						<line hits="1" number="261"/>
						<line branch="true" condition-coverage="100% (2/2)" hits="1" number="262"/>
						<line branch="true" condition-coverage="50% (1/2)" hits="1" missing-branches="266" number="263"/>
						<line hits="1" number="264"/>
						<line hits="0" number="266"/>
						<line hits="1" number="267"/>
						<line hits="1" number="268"/>
						<line hits="1" number="270"/>
						<line hits="0" number="271"/>
						<line hits="1" number="279"/>
						<line hits="0" number="280"/>
						<line hits="1" number="288"/>
						<line hits="1" number="289"/>
						<line hits="1" number="295"/>
						<line hits="1" number="296"/>
						<line hits="1" number="297"/>
						<line hits="1" number="298"/>
						<line hits="1" number="300"/>
						<line hits="0" number="301"/>
						<line hits="0" number="302"/>
						<line hits="0" number="303"/>
						<line hits="0" number="304"/>
						<line hits="0" number="305"/>
						<line hits="0" number="306"/>
						<line hits="1" number="308"/>
						<line hits="1" number="309"/>
						<line branch="true" condition-coverage="50% (1/2)" hits="1" missing-branches="311" number="310"/>
						<line hits="0" number="311"/>
						<line hits="1" number="312"/>
						<line hits="1" number="313"/>
						<line hits="1" number="314"/>
						<line hits="1" number="315"/>
						<line hits="1" number="317"/>
						<line hits="1" number="318"/>
						<line hits="1" number="319"/>
						<line hits="1" number="320"/>
						<line hits="1" number="322"/>
						<line hits="1" number="323"/>
						<line branch="true" condition-coverage="50% (1/2)" hits="1" missing-branches="325" number="324"/>
						<line hits="0" number="325"/>
						<line hits="1" number="326"/>
						<line hits="1" number="327"/>
						<line hits="1" number="329"/>
						<line hits="0" number="330"/>
						<line hits="0" number="331"/>
						<line hits="0" number="332"/>
						<line hits="0" number="333"/>
						<line hits="1" number="336"/>
						<line hits="1" number="337"/>
						<line hits="1" number="339"/>
						<line hits="0" number="340"/>
						<line hits="0" number="341"/>
						<line hits="0" number="342"/>
						<line hits="0" number="343"/>
						<line hits="1" number="345"/>
						<line hits="0" number="346"/>
						<line hits="0" number="347"/>
						<line hits="0" number="348"/>
						<line hits="1" number="351"/>
						<line hits="1" number="357"/>
						<line hits="1" number="359"/>
						<line hits="1" number="360"/>
						<line hits="1" number="362"/>
						<line hits="1" number="363"/>
						<line hits="0" number="364"/>
						<line hits="0" number="376"/>
						<line hits="0" number="379"/>
						<line hits="1" number="381"/>
						<line hits="1" number="382"/>
						<line branch="true" condition-coverage="100% (2/2)" hits="1" number="384"/>
						<line hits="1" number="385"/>
						<line hits="1" number="386"/>
						<line hits="1" number="388"/>
						<line branch="true" condition-coverage="50% (1/2)" hits="1" missing-branches="399" number="396"/>
						<line hits="1" number="397"/>
						<line hits="0" number="399"/>
						<line hits="1" number="401"/>
						<line hits="1" number="403"/>
						<line hits="0" number="404"/>
						<line hits="1" number="412"/>
						<line hits="1" number="413"/>
						<line hits="1" number="419"/>
						<line hits="1" number="421"/>
						<line hits="1" number="422"/>
						<line hits="1" number="423"/>
						<line hits="1" number="424"/>
						<line hits="1" number="426"/>
						<line hits="0" number="427"/>
						<line hits="0" number="428"/>
						<line hits="0" number="429"/>
						<line hits="0" number="430"/>
						<line hits="0" number="431"/>
						<line hits="0" number="432"/>
						<line hits="1" number="434"/>
						<line hits="1" number="437"/>
						<line branch="true" condition-coverage="50% (1/2)" hits="1" missing-branches="439" number="438"/>
						<line hits="0" number="439"/>
						<line hits="1" number="440"/>
						<line hits="1" number="441"/>
						<line branch="true" condition-coverage="50% (1/2)" hits="1" missing-branches="443" number="442"/>
						<line branch="true" condition-coverage="0% (0/2)" hits="0" missing-branches="444,445" number="443"/>
						<line hits="0" number="444"/>
						<line hits="0" number="445"/>
						<line hits="1" number="446"/>
						<line hits="1" number="447"/>
						<line hits="1" number="448"/>
						<line hits="1" number="450"/>
						<line hits="1" number="451"/>
						<line branch="true" condition-coverage="50% (1/2)" hits="1" missing-branches="453" number="452"/>
						<line hits="0" number="453"/>
						<line hits="1" number="454"/>
						<line hits="1" number="455"/>
						<line hits="1" number="456"/>
						<line hits="1" number="458"/>
						<line hits="1" number="459"/>
						<line branch="true" condition-coverage="50% (1/2)" hits="1" missing-branches="461" number="460"/>
						<line hits="0" number="461"/>
						<line hits="1" number="462"/>
						<line hits="1" number="463"/>
						<line hits="1" number="464"/>
						<line hits="1" number="466"/>
						<line hits="0" number="468"/>
						<line hits="0" number="469"/>
						<line hits="1" number="472"/>
						<line hits="1" number="479"/>
						<line hits="1" number="481"/>
						<line hits="1" number="482"/>
						<line hits="1" number="483"/>
						<line hits="1" number="484"/>
						<line hits="1" number="485"/>
						<line hits="1" number="486"/>
						<line hits="1" number="487"/>
						<line hits="1" number="489"/>
						<line hits="0" number="491"/>
						<line branch="true" condition-coverage="100% (2/2)" hits="1" number="502"/>
						<line hits="1" number="503"/>
						<line hits="1" number="504"/>
						<line branch="true" condition-coverage="50% (1/2)" hits="1" missing-branches="511" number="508"/>
						<line hits="1" number="509"/>
						<line hits="1" number="511"/>
						<line hits="1" number="512"/>
						<line hits="1" number="513"/>
						<line hits="1" number="515"/>
						<line hits="0" number="516"/>
						<line hits="1" number="518"/>
						<line hits="1" number="519"/>
						<line hits="1" number="521"/>
						<line hits="0" number="522"/>
						<line hits="1" number="524"/>
						<line hits="0" number="527"/>
						<line hits="1" number="531"/>
						<line hits="0" number="532"/>
						<line hits="1" number="534"/>
						<line hits="0" number="535"/>
						<line hits="1" number="537"/>
						<line branch="true" condition-coverage="0% (0/2)" hits="0" missing-branches="539,540" number="538"/>
						<line hits="0" number="539"/>
						<line hits="0" number="540"/>
						<line hits="1" number="542"/>
						<line hits="0" number="543"/>
						<line hits="1" number="545"/>
						<line branch="true" condition-coverage="0% (0/2)" hits="0" missing-branches="547,548" number="546"/>
						<line hits="0" number="547"/>
						<line hits="0" number="548"/>
						<line hits="1" number="550"/>
						<line hits="0" number="551"/>
						<line hits="1" number="554"/>
						<line hits="1" number="555"/>
						<line hits="1" number="556"/>
						<line hits="1" number="558"/>
						<line hits="1" number="559"/>
						<line hits="1" number="560"/>
						<line hits="1" number="561"/>
						<line hits="1" number="563"/>
						<line hits="0" number="564"/>
						<line hits="1" number="568"/>
						<line hits="1" number="569"/>
						<line branch="true" condition-coverage="50% (1/2)" hits="1" missing-branches="572" number="570"/>
						<line hits="1" number="571"/>
						<line branch="true" condition-coverage="50% (1/2)" hits="1" missing-branches="574" number="572"/>
						<line hits="1" number="573"/>
						<line branch="true" condition-coverage="50% (1/2)" hits="1" missing-branches="exit" number="574"/>
						<line hits="1" number="575"/>
						<line hits="1" number="577"/>
						<line hits="1" number="579"/>
						<line branch="true" condition-coverage="50% (1/2)" hits="1" missing-branches="581" number="580"/>
						<line hits="0" number="581"/>
						<line branch="true" condition-coverage="50% (1/2)" hits="1" missing-branches="583" number="582"/>
						<line hits="0" number="583"/>
						<line hits="1" number="584"/>
						<line hits="1" number="586"/>
						<line hits="1" number="587"/>
						<line branch="true" condition-coverage="50% (1/2)" hits="1" missing-branches="590" number="588"/>
						<line hits="1" number="589"/>
						<line branch="true" condition-coverage="50% (1/2)" hits="1" missing-branches="592" number="590"/>
						<line hits="1" number="591"/>
						<line branch="true" condition-coverage="50% (1/2)" hits="1" missing-branches="593" number="592"/>
						<line hits="0" number="593"/>
						<line hits="0" number="594"/>
						<line hits="1" number="596"/>
						<line hits="1" number="597"/>
						<line branch="true" condition-coverage="50% (1/2)" hits="1" missing-branches="600" number="598"/>
						<line hits="1" number="599"/>
						<line branch="true" condition-coverage="50% (1/2)" hits="1" missing-branches="602" number="600"/>
						<line hits="1" number="601"/>
						<line branch="true" condition-coverage="50% (1/2)" hits="1" missing-branches="603" number="602"/>
						<line hits="0" number="603"/>
						<line hits="0" number="604"/>
						<line hits="1" number="606"/>
						<line branch="true" condition-coverage="50% (1/2)" hits="1" missing-branches="609" number="608"/>
						<line hits="0" number="609"/>
						<line hits="1" number="610"/>
						<line branch="true" condition-coverage="50% (1/2)" hits="1" missing-branches="613" number="611"/>
						<line hits="1" number="612"/>
						<line branch="true" condition-coverage="50% (1/2)" hits="1" missing-branches="615" number="613"/>
						<line hits="1" number="614"/>
						<line branch="true" condition-coverage="50% (1/2)" hits="1" missing-branches="exit" number="615"/>
						<line hits="1" number="616"/>
						<line hits="1" number="618"/>
						<line hits="0" number="620"/>
						<line hits="1" number="622"/>
						<line branch="true" condition-coverage="50% (1/2)" hits="1" missing-branches="626" number="623"/>
						<line hits="1" number="624"/>
						<line hits="0" number="626"/>
						<line branch="true" condition-coverage="50% (1/2)" hits="1" missing-branches="630" number="627"/>
						<line hits="1" number="628"/>
						<line hits="0" number="630"/>
						<line hits="1" number="631"/>
						<line hits="1" number="634"/>
						<line branch="true" condition-coverage="50% (1/2)" hits="1" missing-branches="637" number="635"/>
						<line hits="1" number="636"/>
						<line branch="true" condition-coverage="0% (0/2)" hits="0" missing-branches="638,639" number="637"/>
						<line hits="0" number="638"/>
						<line branch="true" condition-coverage="0% (0/2)" hits="0" missing-branches="640,641" number="639"/>
						<line hits="0" number="640"/>
						<line branch="true" condition-coverage="0% (0/2)" hits="0" missing-branches="642,645" number="641"/>
						<line hits="0" number="642"/>
						<line hits="0" number="645"/>
						<line hits="1" number="651"/>
						<line hits="1" number="670"/>
						<line hits="1" number="671"/>
						<line hits="1" number="672"/>
						<line hits="1" number="673"/>
						<line hits="1" number="675"/>
						<line hits="0" number="676"/>
						<line hits="1" number="680"/>
						<line branch="true" condition-coverage="0% (0/2)" hits="0" missing-branches="682,683" number="681"/>
						<line hits="0" number="682"/>
						<line branch="true" condition-coverage="0% (0/2)" hits="0" missing-branches="684,685" number="683"/>
						<line hits="0" number="684"/>
						<line hits="0" number="685"/>
						<line hits="1" number="689"/>
						<line hits="0" number="690"/>
						<line hits="1" number="692"/>
						<line hits="1" number="693"/>
						<line hits="1" number="694"/>
						<line hits="1" number="695"/>
						<line hits="1" number="697"/>
						<line branch="true" condition-coverage="50% (1/2)" hits="1" missing-branches="exit" number="698"/>
						<line hits="1" number="699"/>
						<line hits="1" number="700"/>
						<line hits="1" number="701"/>
						<line hits="1" number="703"/>
						<line branch="true" condition-coverage="50% (1/2)" hits="1" missing-branches="exit" number="706"/>
						<line hits="1" number="707"/>
						<line hits="1" number="709"/>
						<line branch="true" condition-coverage="50% (1/2)" hits="1" missing-branches="exit" number="710"/>
						<line hits="1" number="711"/>
						<line hits="1" number="713"/>
						<line hits="0" number="715"/>
						<line hits="0" number="716"/>
						<line hits="1" number="718"/>
						<line hits="0" number="719"/>
						<line hits="0" number="720"/>
						<line hits="1" number="722"/>
						<line hits="1" number="723"/>
						<line hits="1" number="724"/>
						<line hits="1" number="728"/>
						<line branch="true" condition-coverage="0% (0/2)" hits="0" missing-branches="730,737" number="729"/>
						<line hits="0" number="730"/>
						<line hits="0" number="731"/>
						<line hits="0" number="732"/>
						<line hits="0" number="737"/>
						<line hits="1" number="739"/>
						<line hits="0" number="740"/>
						<line hits="1" number="742"/>
						<line branch="true" condition-coverage="50% (1/2)" hits="1" missing-branches="746" number="745"/>
						<line hits="0" number="746"/>
						<line hits="1" number="748"/>
						<line branch="true" condition-coverage="50% (1/2)" hits="1" missing-branches="751" number="750"/>
						<line hits="0" number="751"/>
						<line hits="1" number="753"/>
						<line branch="true" condition-coverage="0% (0/2)" hits="0" missing-branches="exit,755" number="754"/>
						<line hits="0" number="755"/>
						<line hits="1" number="757"/>
						<line branch="true" condition-coverage="0% (0/2)" hits="0" missing-branches="exit,759" number="758"/>
						<line hits="0" number="759"/>
						<line hits="1" number="763"/>
						<line hits="1" number="764"/>
						<line hits="0" number="766"/>
						<line branch="true" condition-coverage="0% (0/2)" hits="0" missing-branches="768,769" number="767"/>
						<line hits="0" number="768"/>
						<line hits="0" number="769"/>
						<line branch="true" condition-coverage="0% (0/2)" hits="0" missing-branches="771,772" number="770"/>
						<line hits="0" number="771"/>
						<line hits="0" number="772"/>
						<line hits="0" number="773"/>
						<line branch="true" condition-coverage="0% (0/2)" hits="0" missing-branches="776,777" number="775"/>
						<line hits="0" number="776"/>
						<line branch="true" condition-coverage="0% (0/2)" hits="0" missing-branches="exit,778" number="777"/>
						<line hits="0" number="778"/>
						<line hits="1" number="780"/>
						<line hits="1" number="781"/>
						<line hits="1" number="782"/>
						<line hits="1" number="783"/>
						<line hits="1" number="784"/>
						<line hits="1" number="785"/>
						<line hits="1" number="787"/>
						<line hits="1" number="788"/>
						<line hits="1" number="790"/>
						<line hits="1" number="791"/>
						<line hits="1" number="792"/>
						<line hits="1" number="796"/>
						<line hits="1" number="797"/>
						<line branch="true" condition-coverage="100% (2/2)" hits="1" number="798"/>
						<line hits="1" number="799"/>
						<line hits="1" number="800"/>
						<line hits="1" number="801"/>
						<line hits="1" number="802"/>
						<line hits="1" number="803"/>
						<line branch="true" condition-coverage="50% (1/2)" hits="1" missing-branches="805" number="804"/>
						<line hits="0" number="805"/>
						<line branch="true" condition-coverage="50% (1/2)" hits="1" missing-branches="807" number="806"/>
						<line hits="0" number="807"/>
						<line hits="1" number="809"/>
						<line hits="1" number="811"/>
						<line hits="1" number="812"/>
						<line hits="1" number="813"/>
						<line hits="1" number="814"/>
						<line hits="1" number="816"/>
						<line hits="1" number="817"/>
						<line hits="1" number="818"/>
						<line hits="1" number="819"/>
						<line hits="1" number="821"/>
						<line hits="1" number="822"/>
						<line hits="1" number="823"/>
						<line hits="1" number="824"/>
						<line hits="1" number="826"/>
						<line hits="1" number="827"/>
						<line hits="0" number="828"/>
						<line hits="1" number="830"/>
						<line hits="1" number="831"/>
						<line hits="0" number="832"/>
						<line hits="1" number="835"/>
						<line hits="1" number="839"/>
						<line hits="0" number="840"/>
						<line hits="0" number="841"/>
						<line hits="0" number="842"/>
						<line hits="0" number="843"/>
						<line hits="0" number="844"/>
						<line hits="1" number="846"/>
						<line branch="true" condition-coverage="0% (0/2)" hits="0" missing-branches="exit,848" number="847"/>
						<line hits="0" number="848"/>
						<line hits="0" number="851"/>
						<line hits="1" number="853"/>
						<line branch="true" condition-coverage="0% (0/2)" hits="0" missing-branches="exit,855" number="854"/>
						<line hits="0" number="855"/>
						<line hits="0" number="856"/>
						<line hits="0" number="857"/>
						<line hits="0" number="858"/>
						<line hits="0" number="859"/>
						<line hits="1" number="861"/>
						<line hits="0" number="869"/>
						<line branch="true" condition-coverage="0% (0/2)" hits="0" missing-branches="871,874" number="870"/>
						<line hits="0" number="871"/>
						<line hits="0" number="872"/>
						<line hits="0" number="873"/>
						<line hits="0" number="874"/>
						<line hits="0" number="875"/>
						<line hits="0" number="876"/>
						<line hits="1" number="878"/>
						<line branch="true" condition-coverage="0% (0/2)" hits="0" missing-branches="exit,881" number="880"/>
						<line hits="0" number="881"/>
						<line hits="1" number="883"/>
						<line branch="true" condition-coverage="0% (0/2)" hits="0" missing-branches="exit,886" number="885"/>
						<line hits="0" number="886"/>
						<line hits="1" number="888"/>
						<line branch="true" condition-coverage="0% (0/2)" hits="0" missing-branches="891,892" number="890"/>
						<line hits="0" number="891"/>
						<line hits="0" number="892"/>
						<line hits="1" number="894"/>
						<line hits="1" number="895"/>
						<line hits="0" number="897"/>
						<line hits="0" number="898"/>
						<line hits="0" number="899"/>
						<line hits="1" number="905"/>
						<line hits="1" number="906"/>
						<line hits="0" number="913"/>
						<line hits="0" number="914"/>
						<line hits="0" number="915"/>
						<line hits="0" number="916"/>
						<line hits="0" number="917"/>
						<line hits="0" number="918"/>
						<line hits="0" number="919"/>
						<line hits="1" number="922"/>
						<line hits="1" number="923"/>
						<line hits="0" number="930"/>
						<line hits="0" number="931"/>
						<line hits="0" number="932"/>
						<line hits="0" number="933"/>
						<line hits="0" number="934"/>
						<line hits="0" number="935"/>
						<line hits="0" number="936"/>
						<line hits="1" number="939"/>
						<line hits="1" number="940"/>
						<line hits="0" number="947"/>
						<line hits="0" number="948"/>
						<line hits="0" number="949"/>
						<line hits="0" number="950"/>
						<line hits="0" number="951"/>
						<line hits="0" number="952"/>
						<line hits="0" number="953"/>
						<line hits="1" number="956"/>
						<line hits="1" number="957"/>
						<line hits="0" number="964"/>
						<line hits="0" number="965"/>
						<line hits="0" number="966"/>
						<line hits="0" number="967"/>
						<line hits="0" number="968"/>
						<line hits="0" number="969"/>
						<line hits="0" number="970"/>
					</lines>
				</class>
				<class branch-rate="0.4828" complexity="0" filename="/Users/Juhki/Library/Caches/pypoetry/virtualenvs/nhl-statistics-1-Z7aXd9I_-py3.7/lib/python3.7/site-packages/_pytest/compat.py" line-rate="0.6685" name="compat.py">
					<methods/>
					<lines>
						<line hits="1" number="2"/>
						<line hits="1" number="3"/>
						<line hits="1" number="4"/>
						<line hits="1" number="5"/>
						<line hits="1" number="6"/>
						<line hits="1" number="7"/>
						<line hits="1" number="8"/>
						<line hits="1" number="9"/>
						<line hits="1" number="10"/>
						<line hits="1" number="11"/>
						<line hits="1" number="12"/>
						<line hits="1" number="13"/>
						<line hits="1" number="14"/>
						<line hits="1" number="15"/>
						<line hits="1" number="16"/>
						<line hits="1" number="17"/>
						<line hits="1" number="18"/>
						<line hits="1" number="20"/>
						<line hits="1" number="22"/>
						<line hits="1" number="23"/>
						<line branch="true" condition-coverage="50% (1/2)" hits="1" missing-branches="26" number="25"/>
						<line hits="0" number="26"/>
						<line hits="1" number="28"/>
						<line branch="true" condition-coverage="50% (1/2)" hits="1" missing-branches="32" number="31"/>
						<line hits="0" number="32"/>
						<line hits="0" number="33"/>
						<line hits="0" number="34"/>
						<line hits="1" number="37"/>
						<line hits="1" number="38"/>
						<line hits="1" number="44"/>
						<line hits="1" number="45"/>
						<line hits="1" number="46"/>
						<line hits="1" number="49"/>
						<line branch="true" condition-coverage="50% (1/2)" hits="1" missing-branches="55" number="54"/>
						<line hits="0" number="55"/>
						<line hits="1" number="57"/>
						<line hits="1" number="60"/>
						<line hits="0" number="61"/>
						<line hits="1" number="65"/>
						<line branch="true" condition-coverage="50% (1/2)" hits="1" missing-branches="70" number="68"/>
						<line hits="0" number="70"/>
						<line hits="0" number="73"/>
						<line hits="1" number="77"/>
						<line hits="1" number="80"/>
						<line hits="1" number="81"/>
						<line hits="1" number="82"/>
						<line hits="1" number="85"/>
						<line hits="1" number="94"/>
						<line hits="1" number="97"/>
						<line hits="1" number="100"/>
						<line hits="1" number="105"/>
						<line hits="0" number="106"/>
						<line hits="0" number="108"/>
						<line hits="0" number="109"/>
						<line hits="0" number="110"/>
						<line branch="true" condition-coverage="0% (0/2)" hits="0" missing-branches="112,118" number="111"/>
						<line hits="0" number="112"/>
						<line hits="0" number="113"/>
						<line hits="0" number="114"/>
						<line hits="0" number="115"/>
						<line hits="0" number="117"/>
						<line hits="0" number="118"/>
						<line hits="1" number="121"/>
						<line hits="0" number="123"/>
						<line branch="true" condition-coverage="0% (0/2)" hits="0" missing-branches="125,127" number="124"/>
						<line hits="0" number="125"/>
						<line hits="0" number="127"/>
						<line hits="0" number="128"/>
						<line branch="true" condition-coverage="0% (0/2)" hits="0" missing-branches="exit,exit" number="130"/>
						<line hits="1" number="140"/>
						<line hits="1" number="170"/>
						<line hits="1" number="171"/>
						<line hits="0" number="172"/>
						<line hits="0" number="173"/>
						<line branch="true" condition-coverage="100% (2/2)" hits="1" number="178"/>
						<line branch="true" condition-coverage="50% (1/2)" hits="1" missing-branches="189" number="188"/>
						<line hits="0" number="189"/>
						<line branch="true" condition-coverage="100% (2/2)" hits="1" number="194"/>
						<line hits="1" number="197"/>
						<line branch="true" condition-coverage="50% (1/2)" hits="1" missing-branches="200" number="199"/>
						<line hits="0" number="200"/>
						<line hits="1" number="201"/>
						<line branch="true" condition-coverage="50% (1/2)" hits="1" missing-branches="206" number="204"/>
						<line hits="0" number="206"/>
						<line hits="0" number="208"/>
						<line hits="1" number="212"/>
						<line hits="1" number="215"/>
						<line branch="true" condition-coverage="0% (0/2)" hits="0" missing-branches="exit,exit" number="219"/>
						<line branch="true" condition-coverage="100% (2/2)" hits="1" number="227"/>
						<line hits="1" number="230"/>
						<line hits="1" number="235"/>
						<line hits="0" number="236"/>
						<line hits="1" number="239"/>
						<line hits="1" number="242"/>
						<line hits="0" number="243"/>
						<line hits="1" number="246"/>
						<line branch="true" condition-coverage="0% (0/2)" hits="0" missing-branches="264,266" number="263"/>
						<line hits="0" number="264"/>
						<line hits="0" number="266"/>
						<line hits="0" number="267"/>
						<line branch="true" condition-coverage="100% (2/2)" hits="1" number="270"/>
						<line hits="1" number="279"/>
						<line hits="1" number="282"/>
						<line hits="1" number="285"/>
						<line branch="true" condition-coverage="50% (1/2)" hits="1" missing-branches="299" number="286"/>
						<line hits="1" number="290"/>
						<line branch="true" condition-coverage="100% (2/2)" hits="1" number="291"/>
						<line hits="1" number="292"/>
						<line hits="1" number="293"/>
						<line hits="1" number="294"/>
						<line branch="true" condition-coverage="50% (1/2)" hits="1" missing-branches="297" number="295"/>
						<line hits="1" number="296"/>
						<line hits="0" number="297"/>
						<line hits="0" number="299"/>
						<line hits="0" number="301"/>
						<line branch="true" condition-coverage="50% (1/2)" hits="1" missing-branches="307" number="306"/>
						<line hits="0" number="307"/>
						<line hits="1" number="308"/>
						<line hits="1" number="311"/>
						<line hits="1" number="315"/>
						<line hits="1" number="316"/>
						<line hits="1" number="317"/>
						<line branch="true" condition-coverage="50% (1/2)" hits="1" missing-branches="321" number="320"/>
						<line hits="0" number="321"/>
						<line hits="1" number="322"/>
						<line hits="1" number="325"/>
						<line hits="1" number="326"/>
						<line hits="1" number="327"/>
						<line hits="1" number="328"/>
						<line hits="1" number="329"/>
						<line hits="1" number="332"/>
						<line hits="1" number="341"/>
						<line hits="1" number="342"/>
						<line hits="1" number="343"/>
						<line hits="1" number="344"/>
						<line hits="1" number="347"/>
						<line hits="1" number="349"/>
						<line hits="1" number="350"/>
						<line hits="0" number="351"/>
						<line hits="0" number="352"/>
						<line branch="true" condition-coverage="50% (1/2)" hits="1" missing-branches="357" number="355"/>
						<line hits="0" number="357"/>
						<line hits="0" number="358"/>
						<line branch="true" condition-coverage="50% (1/2)" hits="1" missing-branches="362" number="361"/>
						<line branch="true" condition-coverage="0% (0/2)" hits="0" missing-branches="363,365" number="362"/>
						<line hits="0" number="363"/>
						<line hits="0" number="365"/>
						<line branch="true" condition-coverage="50% (1/2)" hits="1" missing-branches="367" number="366"/>
						<line hits="0" number="367"/>
						<line hits="1" number="370"/>
						<line hits="1" number="371"/>
						<line branch="true" condition-coverage="50% (1/2)" hits="1" missing-branches="377" number="374"/>
						<line hits="1" number="375"/>
						<line hits="0" number="377"/>
						<line branch="true" condition-coverage="50% (1/2)" hits="1" missing-branches="381" number="380"/>
						<line hits="0" number="381"/>
						<line hits="1" number="384"/>
						<line hits="1" number="385"/>
						<line hits="1" number="387"/>
						<line hits="1" number="388"/>
						<line hits="1" number="389"/>
						<line hits="1" number="391"/>
						<line hits="1" number="392"/>
						<line hits="0" number="395"/>
						<line hits="1" number="397"/>
						<line hits="1" number="398"/>
						<line hits="0" number="401"/>
						<line hits="1" number="403"/>
						<line branch="true" condition-coverage="50% (1/2)" hits="1" missing-branches="405" number="404"/>
						<line hits="0" number="405"/>
						<line hits="1" number="406"/>
						<line hits="1" number="407"/>
						<line branch="true" condition-coverage="50% (1/2)" hits="1" missing-branches="417" number="414"/>
						<line hits="1" number="415"/>
						<line hits="0" number="417"/>
						<line hits="0" number="419"/>
						<line hits="1" number="453"/>
						<line hits="0" number="454"/>
					</lines>
				</class>
				<class branch-rate="0.0625" complexity="0" filename="/Users/Juhki/Library/Caches/pypoetry/virtualenvs/nhl-statistics-1-Z7aXd9I_-py3.7/lib/python3.7/site-packages/_pytest/debugging.py" line-rate="0.2978" name="debugging.py">
					<methods/>
					<lines>
						<line hits="1" number="2"/>
						<line hits="1" number="3"/>
						<line hits="1" number="4"/>
						<line hits="1" number="5"/>
						<line hits="1" number="6"/>
						<line hits="1" number="7"/>
						<line hits="1" number="8"/>
						<line hits="1" number="9"/>
						<line hits="1" number="10"/>
						<line hits="1" number="11"/>
						<line hits="1" number="12"/>
						<line hits="1" number="14"/>
						<line hits="1" number="15"/>
						<line hits="1" number="16"/>
						<line hits="1" number="17"/>
						<line hits="1" number="18"/>
						<line hits="1" number="19"/>
						<line hits="1" number="20"/>
						<line hits="1" number="21"/>
						<line hits="1" number="22"/>
						<line hits="1" number="23"/>
						<line hits="1" number="24"/>
						<line branch="true" condition-coverage="50% (1/2)" hits="1" missing-branches="27" number="26"/>
						<line hits="0" number="27"/>
						<line hits="0" number="29"/>
						<line hits="0" number="30"/>
						<line hits="1" number="33"/>
						<line hits="0" number="35"/>
						<line hits="0" number="36"/>
						<line hits="0" number="37"/>
						<line hits="0" number="38"/>
						<line hits="0" number="41"/>
						<line hits="1" number="44"/>
						<line hits="1" number="45"/>
						<line hits="1" number="46"/>
						<line hits="1" number="52"/>
						<line hits="1" number="60"/>
						<line hits="1" number="68"/>
						<line hits="1" number="69"/>
						<line branch="true" condition-coverage="50% (1/2)" hits="1" missing-branches="72" number="71"/>
						<line hits="0" number="72"/>
						<line branch="true" condition-coverage="50% (1/2)" hits="1" missing-branches="74" number="73"/>
						<line hits="0" number="74"/>
						<line hits="1" number="76"/>
						<line hits="1" number="79"/>
						<line hits="1" number="80"/>
						<line hits="1" number="81"/>
						<line hits="1" number="85"/>
						<line hits="1" number="86"/>
						<line hits="1" number="92"/>
						<line hits="1" number="95"/>
						<line hits="1" number="98"/>
						<line hits="1" number="99"/>
						<line hits="1" number="100"/>
						<line hits="1" number="103"/>
						<line hits="1" number="104"/>
						<line hits="1" number="106"/>
						<line hits="1" number="107"/>
						<line branch="true" condition-coverage="0% (0/2)" hits="0" missing-branches="109,110" number="108"/>
						<line hits="0" number="109"/>
						<line hits="0" number="110"/>
						<line hits="1" number="112"/>
						<line hits="1" number="113"/>
						<line branch="true" condition-coverage="0% (0/2)" hits="0" missing-branches="115,120" number="114"/>
						<line hits="0" number="115"/>
						<line hits="0" number="118"/>
						<line hits="0" number="120"/>
						<line branch="true" condition-coverage="0% (0/2)" hits="0" missing-branches="123,125" number="122"/>
						<line hits="0" number="123"/>
						<line branch="true" condition-coverage="0% (0/2)" hits="0" missing-branches="126,143" number="125"/>
						<line hits="0" number="126"/>
						<line hits="0" number="128"/>
						<line hits="0" number="129"/>
						<line hits="0" number="130"/>
						<line hits="0" number="133"/>
						<line hits="0" number="134"/>
						<line branch="true" condition-coverage="0% (0/2)" hits="0" missing-branches="136,147" number="135"/>
						<line hits="0" number="136"/>
						<line hits="0" number="137"/>
						<line hits="0" number="138"/>
						<line hits="0" number="139"/>
						<line hits="0" number="143"/>
						<line hits="0" number="145"/>
						<line hits="0" number="147"/>
						<line hits="0" number="148"/>
						<line hits="0" number="149"/>
						<line hits="1" number="151"/>
						<line hits="1" number="152"/>
						<line hits="0" number="153"/>
						<line hits="0" number="157"/>
						<line hits="0" number="158"/>
						<line hits="0" number="159"/>
						<line hits="0" number="161"/>
						<line hits="0" number="162"/>
						<line hits="0" number="163"/>
						<line hits="0" number="164"/>
						<line hits="0" number="165"/>
						<line hits="0" number="167"/>
						<line hits="0" number="168"/>
						<line branch="true" condition-coverage="0% (0/2)" hits="0" missing-branches="170,188" number="169"/>
						<line hits="0" number="170"/>
						<line hits="0" number="171"/>
						<line hits="0" number="173"/>
						<line hits="0" number="174"/>
						<line branch="true" condition-coverage="0% (0/2)" hits="0" missing-branches="176,187" number="175"/>
						<line branch="true" condition-coverage="0% (0/2)" hits="0" missing-branches="177,179" number="176"/>
						<line hits="0" number="177"/>
						<line hits="0" number="179"/>
						<line hits="0" number="184"/>
						<line hits="0" number="185"/>
						<line hits="0" number="187"/>
						<line hits="0" number="188"/>
						<line hits="0" number="189"/>
						<line hits="0" number="190"/>
						<line hits="0" number="191"/>
						<line hits="0" number="193"/>
						<line hits="0" number="195"/>
						<line hits="0" number="202"/>
						<line branch="true" condition-coverage="0% (0/2)" hits="0" missing-branches="205,207" number="204"/>
						<line hits="0" number="205"/>
						<line hits="0" number="207"/>
						<line hits="0" number="209"/>
						<line hits="0" number="210"/>
						<line hits="0" number="212"/>
						<line hits="0" number="218"/>
						<line branch="true" condition-coverage="0% (0/2)" hits="0" missing-branches="222,224" number="219"/>
						<line branch="true" condition-coverage="0% (0/2)" hits="0" missing-branches="223,224" number="222"/>
						<line hits="0" number="223"/>
						<line hits="0" number="224"/>
						<line hits="0" number="226"/>
						<line hits="0" number="227"/>
						<line branch="true" condition-coverage="0% (0/2)" hits="0" missing-branches="230,233" number="228"/>
						<line hits="0" number="230"/>
						<line branch="true" condition-coverage="0% (0/2)" hits="0" missing-branches="232,233" number="231"/>
						<line hits="0" number="232"/>
						<line hits="0" number="233"/>
						<line hits="0" number="235"/>
						<line hits="1" number="237"/>
						<line hits="0" number="240"/>
						<line branch="true" condition-coverage="0% (0/2)" hits="0" missing-branches="243,245" number="242"/>
						<line hits="0" number="243"/>
						<line hits="0" number="245"/>
						<line branch="true" condition-coverage="0% (0/2)" hits="0" missing-branches="247,249" number="246"/>
						<line hits="0" number="247"/>
						<line branch="true" condition-coverage="0% (0/2)" hits="0" missing-branches="250,271" number="249"/>
						<line hits="0" number="250"/>
						<line hits="0" number="251"/>
						<line branch="true" condition-coverage="0% (0/2)" hits="0" missing-branches="255,271" number="253"/>
						<line hits="0" number="255"/>
						<line branch="true" condition-coverage="0% (0/2)" hits="0" missing-branches="257,259" number="256"/>
						<line hits="0" number="257"/>
						<line hits="0" number="259"/>
						<line branch="true" condition-coverage="0% (0/2)" hits="0" missing-branches="261,262" number="260"/>
						<line hits="0" number="261"/>
						<line branch="true" condition-coverage="0% (0/2)" hits="0" missing-branches="263,269" number="262"/>
						<line hits="0" number="263"/>
						<line hits="0" number="269"/>
						<line hits="0" number="271"/>
						<line branch="true" condition-coverage="0% (0/2)" hits="0" missing-branches="274,275" number="273"/>
						<line hits="0" number="274"/>
						<line hits="0" number="275"/>
						<line hits="1" number="277"/>
						<line hits="1" number="278"/>
						<line hits="0" number="280"/>
						<line hits="0" number="281"/>
						<line hits="0" number="282"/>
						<line hits="1" number="285"/>
						<line hits="1" number="286"/>
						<line hits="0" number="289"/>
						<line branch="true" condition-coverage="0% (0/2)" hits="0" missing-branches="291,295" number="290"/>
						<line hits="0" number="291"/>
						<line hits="0" number="292"/>
						<line hits="0" number="293"/>
						<line hits="0" number="294"/>
						<line hits="0" number="295"/>
						<line hits="0" number="296"/>
						<line hits="1" number="298"/>
						<line hits="0" number="299"/>
						<line hits="0" number="300"/>
						<line hits="1" number="303"/>
						<line hits="1" number="304"/>
						<line hits="1" number="305"/>
						<line hits="0" number="306"/>
						<line hits="0" number="307"/>
						<line hits="1" number="310"/>
						<line hits="0" number="315"/>
						<line hits="0" number="316"/>
						<line hits="0" number="321"/>
						<line hits="0" number="323"/>
						<line hits="0" number="324"/>
						<line hits="0" number="326"/>
						<line hits="1" number="329"/>
						<line branch="true" condition-coverage="50% (1/2)" hits="1" missing-branches="333" number="332"/>
						<line hits="0" number="333"/>
						<line hits="1" number="336"/>
						<line hits="0" number="342"/>
						<line hits="0" number="343"/>
						<line hits="0" number="345"/>
						<line branch="true" condition-coverage="0% (0/2)" hits="0" missing-branches="352,358" number="347"/>
						<line branch="true" condition-coverage="0% (0/2)" hits="0" missing-branches="347,353" number="352"/>
						<line hits="0" number="353"/>
						<line branch="true" condition-coverage="0% (0/2)" hits="0" missing-branches="355,356" number="354"/>
						<line hits="0" number="355"/>
						<line hits="0" number="356"/>
						<line hits="0" number="358"/>
						<line hits="0" number="359"/>
						<line hits="0" number="360"/>
						<line hits="0" number="361"/>
						<line hits="0" number="362"/>
						<line hits="0" number="363"/>
						<line hits="0" number="364"/>
						<line hits="1" number="367"/>
						<line hits="0" number="368"/>
						<line branch="true" condition-coverage="0% (0/2)" hits="0" missing-branches="373,374" number="370"/>
						<line hits="0" number="373"/>
						<line branch="true" condition-coverage="0% (0/2)" hits="0" missing-branches="377,379" number="374"/>
						<line hits="0" number="377"/>
						<line hits="0" number="379"/>
						<line hits="0" number="380"/>
						<line hits="1" number="383"/>
						<line hits="0" number="384"/>
						<line hits="0" number="385"/>
						<line hits="0" number="386"/>
						<line branch="true" condition-coverage="0% (0/2)" hits="0" missing-branches="exit,388" number="387"/>
						<line hits="0" number="388"/>
					</lines>
				</class>
				<class branch-rate="1" complexity="0" filename="/Users/Juhki/Library/Caches/pypoetry/virtualenvs/nhl-statistics-1-Z7aXd9I_-py3.7/lib/python3.7/site-packages/_pytest/deprecated.py" line-rate="1" name="deprecated.py">
					<methods/>
					<lines>
						<line hits="1" number="11"/>
						<line hits="1" number="12"/>
						<line hits="1" number="16"/>
						<line hits="1" number="23"/>
						<line hits="1" number="29"/>
						<line hits="1" number="36"/>
						<line hits="1" number="40"/>
						<line hits="1" number="45"/>
						<line hits="1" number="50"/>
					</lines>
				</class>
				<class branch-rate="0.08036" complexity="0" filename="/Users/Juhki/Library/Caches/pypoetry/virtualenvs/nhl-statistics-1-Z7aXd9I_-py3.7/lib/python3.7/site-packages/_pytest/doctest.py" line-rate="0.302" name="doctest.py">
					<methods/>
					<lines>
						<line hits="1" number="2"/>
						<line hits="1" number="3"/>
						<line hits="1" number="4"/>
						<line hits="1" number="5"/>
						<line hits="1" number="6"/>
						<line hits="1" number="7"/>
						<line hits="1" number="8"/>
						<line hits="1" number="9"/>
						<line hits="1" number="10"/>
						<line hits="1" number="11"/>
						<line hits="1" number="12"/>
						<line hits="1" number="13"/>
						<line hits="1" number="14"/>
						<line hits="1" number="15"/>
						<line hits="1" number="16"/>
						<line hits="1" number="17"/>
						<line hits="1" number="18"/>
						<line hits="1" number="19"/>
						<line hits="1" number="20"/>
						<line hits="1" number="22"/>
						<line hits="1" number="24"/>
						<line hits="1" number="25"/>
						<line hits="1" number="26"/>
						<line hits="1" number="27"/>
						<line hits="1" number="28"/>
						<line hits="1" number="29"/>
						<line hits="1" number="30"/>
						<line hits="1" number="31"/>
						<line hits="1" number="32"/>
						<line hits="1" number="33"/>
						<line hits="1" number="34"/>
						<line hits="1" number="35"/>
						<line hits="1" number="36"/>
						<line hits="1" number="37"/>
						<line hits="1" number="38"/>
						<line hits="1" number="39"/>
						<line branch="true" condition-coverage="50% (1/2)" hits="1" missing-branches="42" number="41"/>
						<line hits="0" number="42"/>
						<line hits="0" number="43"/>
						<line hits="1" number="45"/>
						<line hits="1" number="46"/>
						<line hits="1" number="47"/>
						<line hits="1" number="48"/>
						<line hits="1" number="49"/>
						<line hits="1" number="51"/>
						<line hits="1" number="60"/>
						<line hits="1" number="62"/>
						<line hits="1" number="65"/>
						<line hits="1" number="66"/>
						<line hits="1" number="72"/>
						<line hits="1" number="75"/>
						<line hits="1" number="76"/>
						<line hits="1" number="83"/>
						<line hits="1" number="91"/>
						<line hits="1" number="99"/>
						<line hits="1" number="106"/>
						<line hits="1" number="115"/>
						<line hits="1" number="118"/>
						<line hits="1" number="121"/>
						<line hits="1" number="124"/>
						<line branch="true" condition-coverage="100% (2/2)" hits="1" number="125"/>
						<line branch="true" condition-coverage="50% (1/2)" hits="1" missing-branches="127" number="126"/>
						<line hits="0" number="127"/>
						<line hits="0" number="128"/>
						<line branch="true" condition-coverage="50% (1/2)" hits="1" missing-branches="130" number="129"/>
						<line hits="0" number="130"/>
						<line hits="0" number="131"/>
						<line hits="1" number="132"/>
						<line hits="1" number="135"/>
						<line branch="true" condition-coverage="0% (0/2)" hits="0" missing-branches="137,138" number="136"/>
						<line hits="0" number="137"/>
						<line hits="0" number="138"/>
						<line hits="0" number="139"/>
						<line hits="1" number="142"/>
						<line branch="true" condition-coverage="50% (1/2)" hits="1" missing-branches="144" number="143"/>
						<line hits="0" number="144"/>
						<line hits="1" number="145"/>
						<line branch="true" condition-coverage="100% (2/2)" hits="1" number="146"/>
						<line branch="true" condition-coverage="50% (1/2)" hits="1" missing-branches="148" number="147"/>
						<line hits="0" number="148"/>
						<line hits="1" number="149"/>
						<line hits="1" number="152"/>
						<line hits="1" number="153"/>
						<line hits="0" number="156"/>
						<line hits="1" number="158"/>
						<line branch="true" condition-coverage="0% (0/2)" hits="0" missing-branches="exit,160" number="159"/>
						<line branch="true" condition-coverage="0% (0/2)" hits="0" missing-branches="161,162" number="160"/>
						<line hits="0" number="161"/>
						<line hits="0" number="162"/>
						<line hits="1" number="165"/>
						<line hits="1" number="166"/>
						<line hits="0" number="167"/>
						<line hits="0" number="168"/>
						<line hits="1" number="171"/>
						<line hits="0" number="172"/>
						<line hits="0" number="174"/>
						<line hits="0" number="181"/>
						<line hits="0" number="188"/>
						<line hits="0" number="191"/>
						<line hits="0" number="193"/>
						<line hits="0" number="196"/>
						<line branch="true" condition-coverage="0% (0/2)" hits="0" missing-branches="198,200" number="197"/>
						<line hits="0" number="198"/>
						<line hits="0" number="200"/>
						<line hits="0" number="202"/>
[...]
						<line hits="1" number="641"/>
						<line hits="0" number="643"/>
						<line hits="0" number="644"/>
						<line hits="0" number="652"/>
						<line hits="0" number="654"/>
						<line hits="0" number="656"/>
						<line hits="0" number="657"/>
						<line branch="true" condition-coverage="0% (0/2)" hits="0" missing-branches="659,660" number="658"/>
						<line hits="0" number="659"/>
						<line branch="true" condition-coverage="0% (0/2)" hits="0" missing-branches="661,678" number="660"/>
						<line hits="0" number="661"/>
						<line hits="0" number="662"/>
						<line hits="0" number="663"/>
						<line hits="0" number="664"/>
						<line hits="0" number="665"/>
						<line hits="0" number="666"/>
						<line branch="true" condition-coverage="0% (0/2)" hits="0" missing-branches="672,673" number="667"/>
						<line hits="0" number="672"/>
						<line branch="true" condition-coverage="0% (0/2)" hits="0" missing-branches="674,677" number="673"/>
						<line hits="0" number="674"/>
						<line hits="0" number="677"/>
						<line branch="true" condition-coverage="0% (0/2)" hits="0" missing-branches="exit,679" number="678"/>
						<line hits="0" number="679"/>
						<line branch="true" condition-coverage="0% (0/2)" hits="0" missing-branches="678,682" number="681"/>
						<line hits="0" number="682"/>
						<line hits="0" number="684"/>
						<line hits="1" number="685"/>
						<line hits="1" number="686"/>
						<line hits="1" number="687"/>
						<line branch="true" condition-coverage="50% (1/2)" hits="1" missing-branches="689" number="688"/>
						<line hits="0" number="689"/>
						<line hits="0" number="690"/>
						<line branch="true" condition-coverage="0% (0/2)" hits="0" missing-branches="692,697" number="691"/>
						<line hits="0" number="692"/>
						<line hits="0" number="693"/>
						<line branch="true" condition-coverage="0% (0/2)" hits="0" missing-branches="691,695" number="694"/>
						<line hits="0" number="695"/>
						<line hits="0" number="697"/>
						<line branch="true" condition-coverage="100% (2/2)" hits="1" number="698"/>
						<line branch="true" condition-coverage="100% (2/2)" hits="1" number="699"/>
						<line hits="1" number="700"/>
						<line hits="1" number="702"/>
						<line hits="1" number="703"/>
						<line hits="1" number="704"/>
						<line hits="0" number="706"/>
						<line hits="1" number="707"/>
						<line hits="1" number="708"/>
						<line hits="1" number="709"/>
						<line branch="true" condition-coverage="50% (1/2)" hits="1" missing-branches="715" number="710"/>
						<line branch="true" condition-coverage="50% (1/2)" hits="1" missing-branches="713" number="711"/>
						<line hits="1" number="712"/>
						<line hits="0" number="713"/>
						<line hits="0" number="714"/>
						<line hits="1" number="715"/>
						<line hits="1" number="716"/>
						<line branch="true" condition-coverage="50% (1/2)" hits="1" missing-branches="718" number="717"/>
						<line hits="0" number="718"/>
						<line branch="true" condition-coverage="50% (1/2)" hits="1" missing-branches="724" number="719"/>
						<line hits="0" number="724"/>
						<line hits="0" number="725"/>
						<line hits="0" number="726"/>
						<line hits="0" number="727"/>
						<line hits="0" number="728"/>
						<line branch="true" condition-coverage="0% (0/2)" hits="0" missing-branches="730,731" number="729"/>
						<line hits="0" number="730"/>
						<line branch="true" condition-coverage="0% (0/2)" hits="0" missing-branches="732,733" number="731"/>
						<line hits="0" number="732"/>
						<line hits="0" number="733"/>
						<line hits="0" number="734"/>
						<line hits="0" number="735"/>
						<line branch="true" condition-coverage="0% (0/2)" hits="0" missing-branches="737,738" number="736"/>
						<line hits="0" number="737"/>
						<line branch="true" condition-coverage="0% (0/2)" hits="0" missing-branches="719,739" number="738"/>
						<line hits="0" number="739"/>
						<line hits="1" number="740"/>
						<line branch="true" condition-coverage="50% (1/2)" hits="1" missing-branches="742" number="741"/>
						<line branch="true" condition-coverage="0% (0/2)" hits="0" missing-branches="743,754" number="742"/>
						<line hits="0" number="743"/>
						<line hits="0" number="744"/>
						<line hits="0" number="745"/>
						<line branch="true" condition-coverage="0% (0/2)" hits="0" missing-branches="747,755" number="746"/>
						<line branch="true" condition-coverage="0% (0/2)" hits="0" missing-branches="748,750" number="747"/>
						<line hits="0" number="748"/>
						<line branch="true" condition-coverage="0% (0/2)" hits="0" missing-branches="exit,752" number="750"/>
						<line hits="0" number="752"/>
						<line hits="0" number="754"/>
						<line branch="true" condition-coverage="0% (0/2)" hits="0" missing-branches="756,757" number="755"/>
						<line hits="0" number="756"/>
						<line branch="true" condition-coverage="0% (0/2)" hits="0" missing-branches="758,763" number="757"/>
						<line branch="true" condition-coverage="0% (0/2)" hits="0" missing-branches="759,760" number="758"/>
						<line hits="0" number="759"/>
						<line branch="true" condition-coverage="0% (0/2)" hits="0" missing-branches="761,762" number="760"/>
						<line hits="0" number="761"/>
						<line hits="0" number="762"/>
						<line hits="0" number="763"/>
						<line branch="true" condition-coverage="50% (1/2)" hits="1" missing-branches="766" number="764"/>
						<line hits="0" number="766"/>
						<line hits="1" number="767"/>
						<line branch="true" condition-coverage="50% (1/2)" hits="1" missing-branches="769" number="768"/>
						<line branch="true" condition-coverage="0% (0/2)" hits="0" missing-branches="770,772" number="769"/>
						<line hits="0" number="770"/>
						<line hits="0" number="771"/>
						<line branch="true" condition-coverage="0% (0/2)" hits="0" missing-branches="773,775" number="772"/>
						<line hits="0" number="773"/>
						<line hits="0" number="775"/>
						<line hits="0" number="776"/>
						<line hits="1" number="778"/>
						<line hits="1" number="779"/>
						<line hits="1" number="780"/>
						<line hits="0" number="781"/>
						<line branch="true" condition-coverage="50% (1/2)" hits="1" missing-branches="783" number="782"/>
						<line hits="0" number="783"/>
						<line hits="1" number="784"/>
						<line branch="true" condition-coverage="50% (1/2)" hits="1" missing-branches="786" number="785"/>
						<line hits="0" number="786"/>
						<line hits="1" number="788"/>
						<line hits="0" number="790"/>
						<line hits="1" number="791"/>
						<line branch="true" condition-coverage="100% (2/2)" hits="1" number="792"/>
						<line hits="1" number="793"/>
						<line branch="true" condition-coverage="50% (1/2)" hits="1" missing-branches="796" number="794"/>
						<line hits="0" number="796"/>
						<line branch="true" condition-coverage="0% (0/2)" hits="0" missing-branches="798,799" number="797"/>
						<line hits="0" number="798"/>
						<line hits="0" number="799"/>
						<line hits="0" number="800"/>
						<line hits="0" number="801"/>
						<line branch="true" condition-coverage="100% (2/2)" hits="1" number="802"/>
						<line hits="1" number="803"/>
						<line branch="true" condition-coverage="50% (1/2)" hits="1" missing-branches="806" number="804"/>
						<line hits="1" number="805"/>
						<line branch="true" condition-coverage="0% (0/2)" hits="0" missing-branches="807,808" number="806"/>
						<line hits="0" number="807"/>
						<line hits="0" number="808"/>
						<line hits="0" number="810"/>
						<line branch="true" condition-coverage="50% (1/2)" hits="1" missing-branches="812" number="811"/>
						<line hits="0" number="812"/>
						<line branch="true" condition-coverage="50% (1/2)" hits="1" missing-branches="814" number="813"/>
						<line hits="0" number="814"/>
						<line branch="true" condition-coverage="50% (1/2)" hits="1" missing-branches="816" number="815"/>
						<line hits="0" number="816"/>
						<line branch="true" condition-coverage="50% (1/2)" hits="1" missing-branches="818" number="817"/>
						<line hits="0" number="818"/>
						<line branch="true" condition-coverage="50% (1/2)" hits="1" missing-branches="820" number="819"/>
						<line hits="0" number="820"/>
						<line branch="true" condition-coverage="100% (2/2)" hits="1" number="821"/>
						<line hits="1" number="822"/>
						<line hits="1" number="823"/>
						<line hits="1" number="824"/>
						<line hits="1" number="825"/>
						<line branch="true" condition-coverage="100% (2/2)" hits="1" number="826"/>
						<line hits="1" number="827"/>
						<line hits="1" number="828"/>
						<line hits="1" number="829"/>
						<line branch="true" condition-coverage="100% (2/2)" hits="1" number="830"/>
						<line branch="true" condition-coverage="100% (2/2)" hits="1" number="831"/>
						<line branch="true" condition-coverage="50% (1/2)" hits="1" missing-branches="833" number="832"/>
						<line hits="0" number="833"/>
						<line hits="1" number="835"/>
						<line hits="1" number="837"/>
						<line hits="1" number="838"/>
						<line hits="1" number="839"/>
						<line hits="1" number="840"/>
						<line branch="true" condition-coverage="50% (1/2)" hits="1" missing-branches="842" number="841"/>
						<line hits="0" number="842"/>
						<line hits="0" number="843"/>
						<line hits="0" number="844"/>
						<line hits="0" number="845"/>
						<line hits="0" number="846"/>
						<line branch="true" condition-coverage="50% (1/2)" hits="1" missing-branches="830" number="847"/>
						<line branch="true" condition-coverage="50% (1/2)" hits="1" missing-branches="849" number="848"/>
						<line hits="0" number="849"/>
						<line branch="true" condition-coverage="50% (1/2)" hits="1" missing-branches="855" number="852"/>
						<line hits="1" number="853"/>
						<line hits="0" number="855"/>
						<line branch="true" condition-coverage="50% (1/2)" hits="1" missing-branches="875" number="856"/>
						<line hits="1" number="857"/>
						<line hits="1" number="858"/>
						<line branch="true" condition-coverage="50% (1/2)" hits="1" missing-branches="860" number="859"/>
						<line branch="true" condition-coverage="0% (0/2)" hits="0" missing-branches="861,863" number="860"/>
						<line hits="0" number="861"/>
						<line branch="true" condition-coverage="0% (0/2)" hits="0" missing-branches="866,867" number="863"/>
						<line hits="0" number="866"/>
						<line branch="true" condition-coverage="0% (0/2)" hits="0" missing-branches="859,868" number="867"/>
						<line hits="0" number="868"/>
						<line branch="true" condition-coverage="100% (2/2)" hits="1" number="869"/>
						<line branch="true" condition-coverage="50% (1/2)" hits="1" missing-branches="871" number="870"/>
						<line hits="0" number="871"/>
						<line hits="0" number="872"/>
						<line hits="1" number="874"/>
						<line branch="true" condition-coverage="100% (2/2)" hits="1" number="875"/>
						<line hits="1" number="877"/>
						<line hits="1" number="878"/>
						<line branch="true" condition-coverage="50% (1/2)" hits="1" missing-branches="881" number="879"/>
						<line hits="1" number="880"/>
						<line branch="true" condition-coverage="0% (0/2)" hits="0" missing-branches="882,885" number="881"/>
						<line hits="0" number="882"/>
						<line hits="0" number="883"/>
						<line hits="0" number="884"/>
						<line branch="true" condition-coverage="0% (0/2)" hits="0" missing-branches="886,890" number="885"/>
						<line hits="0" number="886"/>
						<line hits="0" number="887"/>
						<line hits="0" number="888"/>
						<line hits="0" number="890"/>
						<line branch="true" condition-coverage="0% (0/2)" hits="0" missing-branches="892,893" number="891"/>
						<line hits="0" number="892"/>
						<line branch="true" condition-coverage="0% (0/2)" hits="0" missing-branches="894,896" number="893"/>
						<line hits="0" number="894"/>
						<line hits="0" number="896"/>
						<line hits="0" number="897"/>
						<line branch="true" condition-coverage="0% (0/2)" hits="0" missing-branches="899,901" number="898"/>
						<line hits="0" number="899"/>
						<line hits="0" number="900"/>
						<line branch="true" condition-coverage="0% (0/2)" hits="0" missing-branches="902,903" number="901"/>
						<line hits="0" number="902"/>
						<line hits="0" number="903"/>
						<line hits="0" number="904"/>
						<line branch="true" condition-coverage="0% (0/2)" hits="0" missing-branches="906,914" number="905"/>
						<line branch="true" condition-coverage="0% (0/2)" hits="0" missing-branches="907,909" number="906"/>
						<line hits="0" number="907"/>
						<line branch="true" condition-coverage="0% (0/2)" hits="0" missing-branches="910,912" number="909"/>
						<line hits="0" number="910"/>
						<line hits="0" number="912"/>
						<line hits="0" number="913"/>
						<line branch="true" condition-coverage="0% (0/2)" hits="0" missing-branches="915,917" number="914"/>
						<line hits="0" number="915"/>
						<line hits="0" number="916"/>
						<line branch="true" condition-coverage="0% (0/2)" hits="0" missing-branches="918,919" number="917"/>
						<line hits="0" number="918"/>
						<line branch="true" condition-coverage="0% (0/2)" hits="0" missing-branches="920,921" number="919"/>
						<line hits="0" number="920"/>
						<line hits="0" number="921"/>
						<line hits="0" number="923"/>
						<line branch="true" condition-coverage="0% (0/2)" hits="0" missing-branches="925,926" number="924"/>
						<line hits="0" number="925"/>
						<line branch="true" condition-coverage="0% (0/2)" hits="0" missing-branches="927,928" number="926"/>
						<line hits="0" number="927"/>
						<line hits="0" number="928"/>
						<line hits="0" number="929"/>
						<line branch="true" condition-coverage="0% (0/2)" hits="0" missing-branches="931,936" number="930"/>
						<line branch="true" condition-coverage="0% (0/2)" hits="0" missing-branches="932,935" number="931"/>
						<line hits="0" number="932"/>
						<line hits="0" number="933"/>
						<line hits="0" number="935"/>
						<line hits="0" number="936"/>
						<line hits="0" number="938"/>
						<line hits="1" number="939"/>
						<line branch="true" condition-coverage="50% (1/2)" hits="1" missing-branches="942" number="940"/>
						<line hits="1" number="941"/>
						<line hits="0" number="942"/>
						<line hits="0" number="944"/>
						<line hits="1" number="945"/>
						<line hits="1" number="946"/>
						<line hits="1" number="947"/>
						<line branch="true" condition-coverage="50% (1/2)" hits="1" missing-branches="1010" number="948"/>
						<line hits="1" number="949"/>
						<line branch="true" condition-coverage="50% (1/2)" hits="1" missing-branches="955" number="950"/>
						<line hits="1" number="951"/>
						<line hits="0" number="955"/>
						<line hits="0" number="956"/>
						<line hits="0" number="957"/>
						<line hits="0" number="958"/>
						<line hits="0" number="959"/>
						<line branch="true" condition-coverage="0% (0/2)" hits="0" missing-branches="961,992" number="960"/>
						<line branch="true" condition-coverage="0% (0/2)" hits="0" missing-branches="962,969" number="961"/>
						<line branch="true" condition-coverage="0% (0/2)" hits="0" missing-branches="963,968" number="962"/>
						<line hits="0" number="963"/>
						<line branch="true" condition-coverage="0% (0/2)" hits="0" missing-branches="966,968" number="964"/>
						<line hits="0" number="966"/>
						<line hits="0" number="967"/>
						<line hits="0" number="968"/>
						<line branch="true" condition-coverage="0% (0/2)" hits="0" missing-branches="970,971" number="969"/>
						<line hits="0" number="970"/>
						<line branch="true" condition-coverage="0% (0/2)" hits="0" missing-branches="972,974" number="971"/>
						<line hits="0" number="972"/>
						<line hits="0" number="973"/>
						<line branch="true" condition-coverage="0% (0/2)" hits="0" missing-branches="975,980" number="974"/>
						<line hits="0" number="975"/>
						<line hits="0" number="976"/>
						<line hits="0" number="977"/>
						<line hits="0" number="980"/>
						<line hits="0" number="982"/>
						<line hits="0" number="987"/>
						<line branch="true" condition-coverage="0% (0/2)" hits="0" missing-branches="990,991" number="988"/>
						<line hits="0" number="990"/>
						<line hits="0" number="991"/>
						<line hits="0" number="992"/>
						<line hits="1" number="993"/>
						<line branch="true" condition-coverage="50% (1/2)" hits="1" missing-branches="1023" number="994"/>
						<line branch="true" condition-coverage="50% (1/2)" hits="1" missing-branches="996" number="995"/>
						<line hits="0" number="996"/>
						<line branch="true" condition-coverage="0% (0/2)" hits="0" missing-branches="1002,1008" number="997"/>
						<line hits="0" number="1002"/>
						<line hits="0" number="1003"/>
						<line branch="true" condition-coverage="0% (0/2)" hits="0" missing-branches="1005,1007" number="1004"/>
						<line hits="0" number="1005"/>
						<line hits="0" number="1007"/>
						<line hits="0" number="1008"/>
						<line hits="0" number="1010"/>
						<line hits="0" number="1011"/>
						<line hits="0" number="1012"/>
						<line hits="0" number="1013"/>
						<line branch="true" condition-coverage="0% (0/2)" hits="0" missing-branches="1015,1022" number="1014"/>
						<line branch="true" condition-coverage="0% (0/2)" hits="0" missing-branches="1016,1017" number="1015"/>
						<line hits="0" number="1016"/>
						<line branch="true" condition-coverage="0% (0/2)" hits="0" missing-branches="1018,1019" number="1017"/>
						<line hits="0" number="1018"/>
						<line branch="true" condition-coverage="0% (0/2)" hits="0" missing-branches="1014,1020" number="1019"/>
						<line hits="0" number="1020"/>
						<line hits="0" number="1021"/>
						<line hits="0" number="1022"/>
						<line branch="true" condition-coverage="100% (2/2)" hits="1" number="1023"/>
						<line hits="1" number="1024"/>
						<line branch="true" condition-coverage="50% (1/2)" hits="1" missing-branches="1023" number="1025"/>
						<line hits="1" number="1026"/>
						<line branch="true" condition-coverage="50% (1/2)" hits="1" missing-branches="1028" number="1027"/>
						<line branch="true" condition-coverage="0% (0/2)" hits="0" missing-branches="1029,1032" number="1028"/>
						<line hits="0" number="1029"/>
						<line hits="1" number="1031"/>
						<line hits="1" number="1032"/>
						<line hits="1" number="1033"/>
						<line hits="0" number="1035"/>
						<line hits="0" number="1036"/>
						<line hits="0" number="1038"/>
						<line hits="1" number="1039"/>
						<line hits="0" number="1042"/>
						<line hits="0" number="1044"/>
						<line hits="0" number="1045"/>
						<line hits="0" number="1046"/>
						<line hits="0" number="1048"/>
						<line hits="0" number="1049"/>
						<line hits="0" number="1051"/>
						<line branch="true" condition-coverage="0% (0/2)" hits="0" missing-branches="1053,1055" number="1052"/>
						<line hits="0" number="1053"/>
						<line hits="0" number="1055"/>
						<line hits="0" number="1056"/>
					</lines>
				</class>
			</classes>
		</package>
		<package branch-rate="1" complexity="0" line-rate="1" name="tests">
			<classes>
				<class branch-rate="1" complexity="0" filename="tests/__init__.py" line-rate="1" name="__init__.py">
					<methods/>
					<lines/>
				</class>
				<class branch-rate="1" complexity="0" filename="tests/nhl_test.py" line-rate="1" name="nhl_test.py">
					<methods/>
					<lines>
						<line hits="1" number="1"/>
						<line hits="1" number="2"/>
						<line hits="1" number="3"/>
						<line hits="1" number="6"/>
						<line hits="1" number="7"/>
						<line hits="1" number="8"/>
						<line hits="1" number="17"/>
						<line hits="1" number="18"/>
						<line hits="1" number="20"/>
						<line hits="1" number="24"/>
						<line hits="1" number="25"/>
					</lines>
				</class>
			</classes>
		</package>
	</packages>
</coverage>
